2020-05-18 17:39:25.973  INFO 18752 --- [main] c.e.cloudzuul.CloudZuulApplication       : No active profile set, falling back to default profiles: default
2020-05-18 17:39:26.447  INFO 18752 --- [main] .s.d.r.c.RepositoryConfigurationDelegate : Multiple Spring Data modules found, entering strict repository configuration mode!
2020-05-18 17:39:26.449  INFO 18752 --- [main] .s.d.r.c.RepositoryConfigurationDelegate : Bootstrapping Spring Data repositories in DEFAULT mode.
2020-05-18 17:39:26.470  INFO 18752 --- [main] .s.d.r.c.RepositoryConfigurationDelegate : Finished Spring Data repository scanning in 11ms. Found 0 repository interfaces.
2020-05-18 17:39:26.535  WARN 18752 --- [main] o.s.boot.actuate.endpoint.EndpointId     : Endpoint ID 'service-registry' contains invalid characters, please migrate to a valid format.
2020-05-18 17:39:26.552  WARN 18752 --- [main] o.s.boot.actuate.endpoint.EndpointId     : Endpoint ID 'hystrix.stream' contains invalid characters, please migrate to a valid format.
2020-05-18 17:39:26.700  INFO 18752 --- [main] o.s.cloud.context.scope.GenericScope     : BeanFactory id=8b10118e-4b41-35c2-8a67-eef16df22aec
2020-05-18 17:39:26.840  INFO 18752 --- [main] trationDelegate$BeanPostProcessorChecker : Bean 'org.springframework.cloud.autoconfigure.ConfigurationPropertiesRebinderAutoConfiguration' of type [org.springframework.cloud.autoconfigure.ConfigurationPropertiesRebinderAutoConfiguration$$EnhancerBySpringCGLIB$$93389fd2] is not eligible for getting processed by all BeanPostProcessors (for example: not eligible for auto-proxying)
2020-05-18 17:39:27.065  INFO 18752 --- [main] o.s.b.w.embedded.tomcat.TomcatWebServer  : Tomcat initialized with port(s): 7777 (http)
2020-05-18 17:39:27.080  INFO 18752 --- [main] o.apache.catalina.core.StandardService   : Starting service [Tomcat]
2020-05-18 17:39:27.081  INFO 18752 --- [main] org.apache.catalina.core.StandardEngine  : Starting Servlet engine: [Apache Tomcat/9.0.21]
2020-05-18 17:39:27.190  INFO 18752 --- [main] o.a.c.c.C.[Tomcat].[localhost].[/]       : Initializing Spring embedded WebApplicationContext
2020-05-18 17:39:27.190  INFO 18752 --- [main] o.s.web.context.ContextLoader            : Root WebApplicationContext: initialization completed in 1209 ms
2020-05-18 17:39:27.260  WARN 18752 --- [main] c.n.c.sources.URLConfigurationSource     : No URLs will be polled as dynamic configuration sources.
2020-05-18 17:39:27.261  INFO 18752 --- [main] c.n.c.sources.URLConfigurationSource     : To enable URLs as dynamic configuration sources, define System property archaius.configurationSource.additionalUrls or make config.properties available on classpath.
2020-05-18 17:39:27.267  INFO 18752 --- [main] c.netflix.config.DynamicPropertyFactory  : DynamicPropertyFactory is initialized with configuration sources: com.netflix.config.ConcurrentCompositeConfiguration@6e3eb0cd
2020-05-18 17:39:28.284  INFO 18752 --- [main] o.s.b.a.e.web.ServletEndpointRegistrar   : Registered '/actuator/hystrix.stream' to hystrix.stream-actuator-endpoint
2020-05-18 17:39:28.443  WARN 18752 --- [main] c.n.c.sources.URLConfigurationSource     : No URLs will be polled as dynamic configuration sources.
2020-05-18 17:39:28.443  INFO 18752 --- [main] c.n.c.sources.URLConfigurationSource     : To enable URLs as dynamic configuration sources, define System property archaius.configurationSource.additionalUrls or make config.properties available on classpath.
2020-05-18 17:39:28.566  INFO 18752 --- [main] o.s.s.concurrent.ThreadPoolTaskExecutor  : Initializing ExecutorService 'applicationTaskExecutor'
2020-05-18 17:39:29.220  INFO 18752 --- [main] o.s.c.n.zuul.ZuulFilterInitializer       : Starting filter initializer
2020-05-18 17:39:29.230  INFO 18752 --- [main] o.s.b.a.e.web.EndpointLinksResolver      : Exposing 24 endpoint(s) beneath base path '/actuator'
2020-05-18 17:39:29.293  INFO 18752 --- [main] o.s.c.n.eureka.InstanceInfoFactory       : Setting initial instance status as: STARTING
2020-05-18 17:39:29.317  INFO 18752 --- [main] com.netflix.discovery.DiscoveryClient    : Initializing Eureka in region us-east-1
2020-05-18 17:39:29.353  INFO 18752 --- [main] c.n.d.provider.DiscoveryJerseyProvider   : Using JSON encoding codec LegacyJacksonJson
2020-05-18 17:39:29.353  INFO 18752 --- [main] c.n.d.provider.DiscoveryJerseyProvider   : Using JSON decoding codec LegacyJacksonJson
2020-05-18 17:39:29.440  INFO 18752 --- [main] c.n.d.provider.DiscoveryJerseyProvider   : Using XML encoding codec XStreamXml
2020-05-18 17:39:29.440  INFO 18752 --- [main] c.n.d.provider.DiscoveryJerseyProvider   : Using XML decoding codec XStreamXml
2020-05-18 17:39:29.551  INFO 18752 --- [main] c.n.d.s.r.aws.ConfigClusterResolver      : Resolving eureka endpoints via configuration
2020-05-18 17:39:29.734  INFO 18752 --- [main] com.netflix.discovery.DiscoveryClient    : Disable delta property : false
2020-05-18 17:39:29.734  INFO 18752 --- [main] com.netflix.discovery.DiscoveryClient    : Single vip registry refresh property : null
2020-05-18 17:39:29.734  INFO 18752 --- [main] com.netflix.discovery.DiscoveryClient    : Force full registry fetch : false
2020-05-18 17:39:29.734  INFO 18752 --- [main] com.netflix.discovery.DiscoveryClient    : Application is null : false
2020-05-18 17:39:29.734  INFO 18752 --- [main] com.netflix.discovery.DiscoveryClient    : Registered Applications size is zero : true
2020-05-18 17:39:29.734  INFO 18752 --- [main] com.netflix.discovery.DiscoveryClient    : Application version is -1: true
2020-05-18 17:39:29.734  INFO 18752 --- [main] com.netflix.discovery.DiscoveryClient    : Getting all instance registry info from the eureka server
2020-05-18 17:39:29.831  INFO 18752 --- [main] com.netflix.discovery.DiscoveryClient    : The response status is 200
2020-05-18 17:39:29.833  INFO 18752 --- [main] com.netflix.discovery.DiscoveryClient    : Starting heartbeat executor: renew interval is: 10
2020-05-18 17:39:29.834  INFO 18752 --- [main] c.n.discovery.InstanceInfoReplicator     : InstanceInfoReplicator onDemand update allowed rate per min is 4
2020-05-18 17:39:29.837  INFO 18752 --- [main] com.netflix.discovery.DiscoveryClient    : Discovery Client initialized at timestamp 1589794769836 with initial instances count: 7
2020-05-18 17:39:29.838  INFO 18752 --- [main] o.s.c.n.e.s.EurekaServiceRegistry        : Registering application CLOUD-ZUUL with eureka with status UP
2020-05-18 17:39:29.838  INFO 18752 --- [main] com.netflix.discovery.DiscoveryClient    : Saw local status change event StatusChangeEvent [timestamp=1589794769838, current=UP, previous=STARTING]
2020-05-18 17:39:29.840  INFO 18752 --- [DiscoveryClient-InstanceInfoReplicator-0] com.netflix.discovery.DiscoveryClient    : DiscoveryClient_CLOUD-ZUUL/baijd:cloud-zuul:7777: registering service...
2020-05-18 17:39:29.870  INFO 18752 --- [DiscoveryClient-InstanceInfoReplicator-0] com.netflix.discovery.DiscoveryClient    : DiscoveryClient_CLOUD-ZUUL/baijd:cloud-zuul:7777 - registration status: 204
2020-05-18 17:39:29.871  INFO 18752 --- [main] o.s.b.w.embedded.tomcat.TomcatWebServer  : Tomcat started on port(s): 7777 (http) with context path ''
2020-05-18 17:39:29.872  INFO 18752 --- [main] .s.c.n.e.s.EurekaAutoServiceRegistration : Updating port to 7777
2020-05-18 17:39:29.873  INFO 18752 --- [main] c.e.cloudzuul.CloudZuulApplication       : Started CloudZuulApplication in 5.211 seconds (JVM running for 5.968)
2020-05-18 17:39:30.244  INFO 18752 --- [parallel-1] io.lettuce.core.EpollProvider            : Starting without optional epoll library
2020-05-18 17:39:30.246  INFO 18752 --- [parallel-1] io.lettuce.core.KqueueProvider           : Starting without optional kqueue library
2020-05-18 17:39:30.708  INFO 18752 --- [RMI TCP Connection(5)-10.1.178.68] o.a.c.c.C.[Tomcat].[localhost].[/]       : Initializing Spring DispatcherServlet 'dispatcherServlet'
2020-05-18 17:39:30.708  INFO 18752 --- [RMI TCP Connection(5)-10.1.178.68] o.s.web.servlet.DispatcherServlet        : Initializing Servlet 'dispatcherServlet'
2020-05-18 17:39:30.714  INFO 18752 --- [RMI TCP Connection(5)-10.1.178.68] o.s.web.servlet.DispatcherServlet        : Completed initialization in 6 ms
2020-05-18 17:39:53.350  INFO 18752 --- [http-nio-7777-exec-3] c.n.u.concurrent.ShutdownEnabledTimer    : Shutdown hook installed for: NFLoadBalancer-PingTimer-eureka-pri
2020-05-18 17:39:53.351  INFO 18752 --- [http-nio-7777-exec-3] c.netflix.loadbalancer.BaseLoadBalancer  : Client: eureka-pri instantiated a LoadBalancer: DynamicServerListLoadBalancer:{NFLoadBalancer:name=eureka-pri,current list of Servers=[],Load balancer stats=Zone stats: {},Server stats: []}ServerList:null
2020-05-18 17:39:53.355  INFO 18752 --- [http-nio-7777-exec-3] c.n.l.DynamicServerListLoadBalancer      : Using serverListUpdater PollingServerListUpdater
2020-05-18 17:39:53.369  INFO 18752 --- [http-nio-7777-exec-3] c.n.l.DynamicServerListLoadBalancer      : DynamicServerListLoadBalancer for client eureka-pri initialized: DynamicServerListLoadBalancer:{NFLoadBalancer:name=eureka-pri,current list of Servers=[baijd:8082],Load balancer stats=Zone stats: {defaultzone=[Zone:defaultzone;	Instance count:1;	Active connections count: 0;	Circuit breaker tripped count: 0;	Active connections per server: 0.0;]
},Server stats: [[Server:baijd:8082;	Zone:defaultZone;	Total Requests:0;	Successive connection failure:0;	Total blackout seconds:0;	Last connection made:Thu Jan 01 08:00:00 CST 1970;	First connection made: Thu Jan 01 08:00:00 CST 1970;	Active Connections:0;	total failure count in last (1000) msecs:0;	average resp time:0.0;	90 percentile resp time:0.0;	95 percentile resp time:0.0;	min resp time:0.0;	max resp time:0.0;	stddev resp time:0.0]
]}ServerList:org.springframework.cloud.netflix.ribbon.eureka.DomainExtractingServerList@3f9c32db
2020-05-18 17:39:57.496  INFO 18752 --- [http-nio-7777-exec-3] c.e.c.CommonZuulFallbackProvider         : Excption Connect to baijd:8082 [baijd/10.1.178.68, baijd/fe80:0:0:0:a199:a9da:47c8:1bb6%15] failed: connect timed out
2020-05-18 17:44:29.739  INFO 18752 --- [AsyncResolver-bootstrap-executor-0] c.n.d.s.r.aws.ConfigClusterResolver      : Resolving eureka endpoints via configuration
2020-05-18 17:49:29.740  INFO 18752 --- [AsyncResolver-bootstrap-executor-0] c.n.d.s.r.aws.ConfigClusterResolver      : Resolving eureka endpoints via configuration
2020-05-18 17:54:29.741  INFO 18752 --- [AsyncResolver-bootstrap-executor-0] c.n.d.s.r.aws.ConfigClusterResolver      : Resolving eureka endpoints via configuration
2020-05-18 17:59:29.743  INFO 18752 --- [AsyncResolver-bootstrap-executor-0] c.n.d.s.r.aws.ConfigClusterResolver      : Resolving eureka endpoints via configuration
2020-05-18 18:04:29.745  INFO 18752 --- [AsyncResolver-bootstrap-executor-0] c.n.d.s.r.aws.ConfigClusterResolver      : Resolving eureka endpoints via configuration
2020-05-18 18:07:55.130  WARN 18752 --- [http-nio-7777-exec-8] o.s.c.n.z.f.pre.PreDecorationFilter      : No route found for uri: /eureka-pri/pri/dataPage
2020-05-18 18:07:55.991  WARN 18752 --- [http-nio-7777-exec-10] o.s.c.n.z.f.pre.PreDecorationFilter      : No route found for uri: /eureka-pri/pri/dataPage
2020-05-18 18:09:29.747  INFO 18752 --- [AsyncResolver-bootstrap-executor-0] c.n.d.s.r.aws.ConfigClusterResolver      : Resolving eureka endpoints via configuration
2020-05-18 18:14:29.749  INFO 18752 --- [AsyncResolver-bootstrap-executor-0] c.n.d.s.r.aws.ConfigClusterResolver      : Resolving eureka endpoints via configuration
2020-05-18 18:19:29.751  INFO 18752 --- [AsyncResolver-bootstrap-executor-0] c.n.d.s.r.aws.ConfigClusterResolver      : Resolving eureka endpoints via configuration
