2020-02-20 10:18:47.150  INFO 6004 --- [main] com.eureka.pri.PriApplication            : No active profile set, falling back to default profiles: default
2020-02-20 10:18:47.985  WARN 6004 --- [main] o.s.boot.actuate.endpoint.EndpointId     : Endpoint ID 'service-registry' contains invalid characters, please migrate to a valid format.
2020-02-20 10:18:48.169  INFO 6004 --- [main] o.s.cloud.context.scope.GenericScope     : BeanFactory id=06dae185-10be-3535-9b87-0d1a03807843
2020-02-20 10:18:48.308  INFO 6004 --- [main] trationDelegate$BeanPostProcessorChecker : Bean 'org.springframework.transaction.annotation.ProxyTransactionManagementConfiguration' of type [org.springframework.transaction.annotation.ProxyTransactionManagementConfiguration$$EnhancerBySpringCGLIB$$b9886293] is not eligible for getting processed by all BeanPostProcessors (for example: not eligible for auto-proxying)
2020-02-20 10:18:48.518  INFO 6004 --- [main] trationDelegate$BeanPostProcessorChecker : Bean 'spring.cloud.sentinel-org.springframework.cloud.alibaba.sentinel.SentinelProperties' of type [org.springframework.cloud.alibaba.sentinel.SentinelProperties] is not eligible for getting processed by all BeanPostProcessors (for example: not eligible for auto-proxying)
2020-02-20 10:18:48.666  INFO 6004 --- [main] trationDelegate$BeanPostProcessorChecker : Bean 'org.springframework.cloud.alibaba.sentinel.custom.SentinelAutoConfiguration' of type [org.springframework.cloud.alibaba.sentinel.custom.SentinelAutoConfiguration$$EnhancerBySpringCGLIB$$76f32eb6] is not eligible for getting processed by all BeanPostProcessors (for example: not eligible for auto-proxying)
2020-02-20 10:18:48.673  INFO 6004 --- [main] trationDelegate$BeanPostProcessorChecker : Bean 'org.springframework.cloud.autoconfigure.ConfigurationPropertiesRebinderAutoConfiguration' of type [org.springframework.cloud.autoconfigure.ConfigurationPropertiesRebinderAutoConfiguration$$EnhancerBySpringCGLIB$$d5a26590] is not eligible for getting processed by all BeanPostProcessors (for example: not eligible for auto-proxying)
2020-02-20 10:18:49.047  INFO 6004 --- [main] o.s.b.w.embedded.tomcat.TomcatWebServer  : Tomcat initialized with port(s): 8081 (http)
2020-02-20 10:18:49.070  INFO 6004 --- [main] o.apache.catalina.core.StandardService   : Starting service [Tomcat]
2020-02-20 10:18:49.070  INFO 6004 --- [main] org.apache.catalina.core.StandardEngine  : Starting Servlet engine: [Apache Tomcat/9.0.21]
2020-02-20 10:18:49.216  INFO 6004 --- [main] o.a.c.c.C.[Tomcat].[localhost].[/]       : Initializing Spring embedded WebApplicationContext
2020-02-20 10:18:49.217  INFO 6004 --- [main] o.s.web.context.ContextLoader            : Root WebApplicationContext: initialization completed in 2054 ms
2020-02-20 10:18:49.345  WARN 6004 --- [main] c.n.c.sources.URLConfigurationSource     : No URLs will be polled as dynamic configuration sources.
2020-02-20 10:18:49.345  INFO 6004 --- [main] c.n.c.sources.URLConfigurationSource     : To enable URLs as dynamic configuration sources, define System property archaius.configurationSource.additionalUrls or make config.properties available on classpath.
2020-02-20 10:18:49.357  INFO 6004 --- [main] c.netflix.config.DynamicPropertyFactory  : DynamicPropertyFactory is initialized with configuration sources: com.netflix.config.ConcurrentCompositeConfiguration@40fa8766
2020-02-20 10:18:49.383  INFO 6004 --- [main] o.s.c.a.s.SentinelWebAutoConfiguration   : [Sentinel Starter] register Sentinel with urlPatterns: [/*].
2020-02-20 10:18:50.386  INFO 6004 --- [main] o.s.b.a.e.web.ServletEndpointRegistrar   : Registered '/actuator/jolokia' to jolokia-actuator-endpoint
2020-02-20 10:18:50.529  WARN 6004 --- [main] c.n.c.sources.URLConfigurationSource     : No URLs will be polled as dynamic configuration sources.
2020-02-20 10:18:50.529  INFO 6004 --- [main] c.n.c.sources.URLConfigurationSource     : To enable URLs as dynamic configuration sources, define System property archaius.configurationSource.additionalUrls or make config.properties available on classpath.
2020-02-20 10:18:50.758  INFO 6004 --- [main] o.s.s.concurrent.ThreadPoolTaskExecutor  : Initializing ExecutorService 'applicationTaskExecutor'
2020-02-20 10:18:51.727  INFO 6004 --- [main] o.s.b.a.e.web.EndpointLinksResolver      : Exposing 23 endpoint(s) beneath base path '/actuator'
2020-02-20 10:18:51.858  INFO 6004 --- [main] o.s.c.n.eureka.InstanceInfoFactory       : Setting initial instance status as: STARTING
2020-02-20 10:18:51.898  INFO 6004 --- [main] com.netflix.discovery.DiscoveryClient    : Initializing Eureka in region us-east-1
2020-02-20 10:18:52.348  INFO 6004 --- [main] c.n.d.provider.DiscoveryJerseyProvider   : Using JSON encoding codec LegacyJacksonJson
2020-02-20 10:18:52.349  INFO 6004 --- [main] c.n.d.provider.DiscoveryJerseyProvider   : Using JSON decoding codec LegacyJacksonJson
2020-02-20 10:18:52.457  INFO 6004 --- [main] c.n.d.provider.DiscoveryJerseyProvider   : Using XML encoding codec XStreamXml
2020-02-20 10:18:52.458  INFO 6004 --- [main] c.n.d.provider.DiscoveryJerseyProvider   : Using XML decoding codec XStreamXml
2020-02-20 10:18:52.682  INFO 6004 --- [main] c.n.d.s.r.aws.ConfigClusterResolver      : Resolving eureka endpoints via configuration
2020-02-20 10:18:52.951  INFO 6004 --- [main] com.netflix.discovery.DiscoveryClient    : Disable delta property : false
2020-02-20 10:18:52.952  INFO 6004 --- [main] com.netflix.discovery.DiscoveryClient    : Single vip registry refresh property : null
2020-02-20 10:18:52.952  INFO 6004 --- [main] com.netflix.discovery.DiscoveryClient    : Force full registry fetch : false
2020-02-20 10:18:52.952  INFO 6004 --- [main] com.netflix.discovery.DiscoveryClient    : Application is null : false
2020-02-20 10:18:52.952  INFO 6004 --- [main] com.netflix.discovery.DiscoveryClient    : Registered Applications size is zero : true
2020-02-20 10:18:52.952  INFO 6004 --- [main] com.netflix.discovery.DiscoveryClient    : Application version is -1: true
2020-02-20 10:18:52.952  INFO 6004 --- [main] com.netflix.discovery.DiscoveryClient    : Getting all instance registry info from the eureka server
2020-02-20 10:18:53.061  INFO 6004 --- [main] com.netflix.discovery.DiscoveryClient    : The response status is 200
2020-02-20 10:18:53.064  INFO 6004 --- [main] com.netflix.discovery.DiscoveryClient    : Starting heartbeat executor: renew interval is: 10
2020-02-20 10:18:53.066  INFO 6004 --- [main] c.n.discovery.InstanceInfoReplicator     : InstanceInfoReplicator onDemand update allowed rate per min is 4
2020-02-20 10:18:53.069  INFO 6004 --- [main] com.netflix.discovery.DiscoveryClient    : Discovery Client initialized at timestamp 1582165133068 with initial instances count: 0
2020-02-20 10:18:53.073  INFO 6004 --- [main] o.s.c.n.e.s.EurekaServiceRegistry        : Registering application EUREKA-PRI with eureka with status UP
2020-02-20 10:18:53.073  INFO 6004 --- [main] com.netflix.discovery.DiscoveryClient    : Saw local status change event StatusChangeEvent [timestamp=1582165133073, current=UP, previous=STARTING]
2020-02-20 10:18:53.076  INFO 6004 --- [DiscoveryClient-InstanceInfoReplicator-0] com.netflix.discovery.DiscoveryClient    : DiscoveryClient_EUREKA-PRI/192.168.199.162:eureka-pri:8081: registering service...
2020-02-20 10:18:53.135  INFO 6004 --- [main] o.s.b.w.embedded.tomcat.TomcatWebServer  : Tomcat started on port(s): 8081 (http) with context path ''
2020-02-20 10:18:53.136  INFO 6004 --- [main] .s.c.n.e.s.EurekaAutoServiceRegistration : Updating port to 8081
2020-02-20 10:18:53.138  INFO 6004 --- [main] com.eureka.pri.PriApplication            : Started PriApplication in 8.644 seconds (JVM running for 10.104)
2020-02-20 10:18:53.158  INFO 6004 --- [DiscoveryClient-InstanceInfoReplicator-0] com.netflix.discovery.DiscoveryClient    : DiscoveryClient_EUREKA-PRI/192.168.199.162:eureka-pri:8081 - registration status: 204
2020-02-20 10:18:53.317  INFO 6004 --- [RMI TCP Connection(1)-192.168.199.162] com.alibaba.druid.pool.DruidDataSource   : {dataSource-1} inited
2020-02-20 10:18:53.772  INFO 6004 --- [RMI TCP Connection(3)-192.168.199.162] o.a.c.c.C.[Tomcat].[localhost].[/]       : Initializing Spring DispatcherServlet 'dispatcherServlet'
2020-02-20 10:18:53.772  INFO 6004 --- [RMI TCP Connection(3)-192.168.199.162] o.s.web.servlet.DispatcherServlet        : Initializing Servlet 'dispatcherServlet'
2020-02-20 10:18:53.782  INFO 6004 --- [RMI TCP Connection(3)-192.168.199.162] o.s.web.servlet.DispatcherServlet        : Completed initialization in 10 ms
2020-02-20 10:18:58.066  INFO 6004 --- [DiscoveryClient-CacheRefreshExecutor-0] com.netflix.discovery.DiscoveryClient    : Disable delta property : false
2020-02-20 10:18:58.067  INFO 6004 --- [DiscoveryClient-CacheRefreshExecutor-0] com.netflix.discovery.DiscoveryClient    : Single vip registry refresh property : null
2020-02-20 10:18:58.067  INFO 6004 --- [DiscoveryClient-CacheRefreshExecutor-0] com.netflix.discovery.DiscoveryClient    : Force full registry fetch : false
2020-02-20 10:18:58.067  INFO 6004 --- [DiscoveryClient-CacheRefreshExecutor-0] com.netflix.discovery.DiscoveryClient    : Application is null : false
2020-02-20 10:18:58.068  INFO 6004 --- [DiscoveryClient-CacheRefreshExecutor-0] com.netflix.discovery.DiscoveryClient    : Registered Applications size is zero : true
2020-02-20 10:18:58.068  INFO 6004 --- [DiscoveryClient-CacheRefreshExecutor-0] com.netflix.discovery.DiscoveryClient    : Application version is -1: false
2020-02-20 10:18:58.068  INFO 6004 --- [DiscoveryClient-CacheRefreshExecutor-0] com.netflix.discovery.DiscoveryClient    : Getting all instance registry info from the eureka server
2020-02-20 10:18:58.079  INFO 6004 --- [DiscoveryClient-CacheRefreshExecutor-0] com.netflix.discovery.DiscoveryClient    : The response status is 200
2020-02-20 10:19:03.084  INFO 6004 --- [DiscoveryClient-CacheRefreshExecutor-0] com.netflix.discovery.DiscoveryClient    : Disable delta property : false
2020-02-20 10:19:03.085  INFO 6004 --- [DiscoveryClient-CacheRefreshExecutor-0] com.netflix.discovery.DiscoveryClient    : Single vip registry refresh property : null
2020-02-20 10:19:03.085  INFO 6004 --- [DiscoveryClient-CacheRefreshExecutor-0] com.netflix.discovery.DiscoveryClient    : Force full registry fetch : false
2020-02-20 10:19:03.085  INFO 6004 --- [DiscoveryClient-CacheRefreshExecutor-0] com.netflix.discovery.DiscoveryClient    : Application is null : false
2020-02-20 10:19:03.085  INFO 6004 --- [DiscoveryClient-CacheRefreshExecutor-0] com.netflix.discovery.DiscoveryClient    : Registered Applications size is zero : true
2020-02-20 10:19:03.085  INFO 6004 --- [DiscoveryClient-CacheRefreshExecutor-0] com.netflix.discovery.DiscoveryClient    : Application version is -1: false
2020-02-20 10:19:03.086  INFO 6004 --- [DiscoveryClient-CacheRefreshExecutor-0] com.netflix.discovery.DiscoveryClient    : Getting all instance registry info from the eureka server
2020-02-20 10:19:03.137  INFO 6004 --- [DiscoveryClient-CacheRefreshExecutor-0] com.netflix.discovery.DiscoveryClient    : The response status is 200
2020-02-20 11:30:32.331  INFO 6428 --- [main] com.eureka.pri.PriApplication            : No active profile set, falling back to default profiles: default
2020-02-20 11:30:33.011  WARN 6428 --- [main] o.s.boot.actuate.endpoint.EndpointId     : Endpoint ID 'service-registry' contains invalid characters, please migrate to a valid format.
2020-02-20 11:30:33.178  INFO 6428 --- [main] o.s.cloud.context.scope.GenericScope     : BeanFactory id=06dae185-10be-3535-9b87-0d1a03807843
2020-02-20 11:30:33.286  INFO 6428 --- [main] trationDelegate$BeanPostProcessorChecker : Bean 'org.springframework.transaction.annotation.ProxyTransactionManagementConfiguration' of type [org.springframework.transaction.annotation.ProxyTransactionManagementConfiguration$$EnhancerBySpringCGLIB$$17fd01ce] is not eligible for getting processed by all BeanPostProcessors (for example: not eligible for auto-proxying)
2020-02-20 11:30:33.455  INFO 6428 --- [main] trationDelegate$BeanPostProcessorChecker : Bean 'spring.cloud.sentinel-org.springframework.cloud.alibaba.sentinel.SentinelProperties' of type [org.springframework.cloud.alibaba.sentinel.SentinelProperties] is not eligible for getting processed by all BeanPostProcessors (for example: not eligible for auto-proxying)
2020-02-20 11:30:33.565  INFO 6428 --- [main] trationDelegate$BeanPostProcessorChecker : Bean 'org.springframework.cloud.alibaba.sentinel.custom.SentinelAutoConfiguration' of type [org.springframework.cloud.alibaba.sentinel.custom.SentinelAutoConfiguration$$EnhancerBySpringCGLIB$$d567cdf1] is not eligible for getting processed by all BeanPostProcessors (for example: not eligible for auto-proxying)
2020-02-20 11:30:33.570  INFO 6428 --- [main] trationDelegate$BeanPostProcessorChecker : Bean 'org.springframework.cloud.autoconfigure.ConfigurationPropertiesRebinderAutoConfiguration' of type [org.springframework.cloud.autoconfigure.ConfigurationPropertiesRebinderAutoConfiguration$$EnhancerBySpringCGLIB$$341704cb] is not eligible for getting processed by all BeanPostProcessors (for example: not eligible for auto-proxying)
2020-02-20 11:30:33.863  INFO 6428 --- [main] o.s.b.w.embedded.tomcat.TomcatWebServer  : Tomcat initialized with port(s): 8081 (http)
2020-02-20 11:30:33.883  INFO 6428 --- [main] o.apache.catalina.core.StandardService   : Starting service [Tomcat]
2020-02-20 11:30:33.883  INFO 6428 --- [main] org.apache.catalina.core.StandardEngine  : Starting Servlet engine: [Apache Tomcat/9.0.21]
2020-02-20 11:30:34.028  INFO 6428 --- [main] o.a.c.c.C.[Tomcat].[localhost].[/]       : Initializing Spring embedded WebApplicationContext
2020-02-20 11:30:34.028  INFO 6428 --- [main] o.s.web.context.ContextLoader            : Root WebApplicationContext: initialization completed in 1688 ms
2020-02-20 11:30:34.126  WARN 6428 --- [main] c.n.c.sources.URLConfigurationSource     : No URLs will be polled as dynamic configuration sources.
2020-02-20 11:30:34.126  INFO 6428 --- [main] c.n.c.sources.URLConfigurationSource     : To enable URLs as dynamic configuration sources, define System property archaius.configurationSource.additionalUrls or make config.properties available on classpath.
2020-02-20 11:30:34.136  INFO 6428 --- [main] c.netflix.config.DynamicPropertyFactory  : DynamicPropertyFactory is initialized with configuration sources: com.netflix.config.ConcurrentCompositeConfiguration@25d0cb3a
2020-02-20 11:30:34.160  INFO 6428 --- [main] o.s.c.a.s.SentinelWebAutoConfiguration   : [Sentinel Starter] register Sentinel with urlPatterns: [/*].
2020-02-20 11:30:34.963  INFO 6428 --- [main] o.s.b.a.e.web.ServletEndpointRegistrar   : Registered '/actuator/jolokia' to jolokia-actuator-endpoint
2020-02-20 11:30:35.082  WARN 6428 --- [main] c.n.c.sources.URLConfigurationSource     : No URLs will be polled as dynamic configuration sources.
2020-02-20 11:30:35.082  INFO 6428 --- [main] c.n.c.sources.URLConfigurationSource     : To enable URLs as dynamic configuration sources, define System property archaius.configurationSource.additionalUrls or make config.properties available on classpath.
2020-02-20 11:30:35.272  INFO 6428 --- [main] o.s.s.concurrent.ThreadPoolTaskExecutor  : Initializing ExecutorService 'applicationTaskExecutor'
2020-02-20 11:30:36.148  INFO 6428 --- [main] o.s.b.a.e.web.EndpointLinksResolver      : Exposing 23 endpoint(s) beneath base path '/actuator'
2020-02-20 11:30:36.249  INFO 6428 --- [main] o.s.c.n.eureka.InstanceInfoFactory       : Setting initial instance status as: STARTING
2020-02-20 11:30:36.284  INFO 6428 --- [main] com.netflix.discovery.DiscoveryClient    : Initializing Eureka in region us-east-1
2020-02-20 11:30:36.739  INFO 6428 --- [main] c.n.d.provider.DiscoveryJerseyProvider   : Using JSON encoding codec LegacyJacksonJson
2020-02-20 11:30:36.739  INFO 6428 --- [main] c.n.d.provider.DiscoveryJerseyProvider   : Using JSON decoding codec LegacyJacksonJson
2020-02-20 11:30:36.852  INFO 6428 --- [main] c.n.d.provider.DiscoveryJerseyProvider   : Using XML encoding codec XStreamXml
2020-02-20 11:30:36.852  INFO 6428 --- [main] c.n.d.provider.DiscoveryJerseyProvider   : Using XML decoding codec XStreamXml
2020-02-20 11:30:37.060  INFO 6428 --- [main] c.n.d.s.r.aws.ConfigClusterResolver      : Resolving eureka endpoints via configuration
2020-02-20 11:30:37.322  INFO 6428 --- [main] com.netflix.discovery.DiscoveryClient    : Disable delta property : false
2020-02-20 11:30:37.322  INFO 6428 --- [main] com.netflix.discovery.DiscoveryClient    : Single vip registry refresh property : null
2020-02-20 11:30:37.322  INFO 6428 --- [main] com.netflix.discovery.DiscoveryClient    : Force full registry fetch : false
2020-02-20 11:30:37.322  INFO 6428 --- [main] com.netflix.discovery.DiscoveryClient    : Application is null : false
2020-02-20 11:30:37.322  INFO 6428 --- [main] com.netflix.discovery.DiscoveryClient    : Registered Applications size is zero : true
2020-02-20 11:30:37.322  INFO 6428 --- [main] com.netflix.discovery.DiscoveryClient    : Application version is -1: true
2020-02-20 11:30:37.322  INFO 6428 --- [main] com.netflix.discovery.DiscoveryClient    : Getting all instance registry info from the eureka server
2020-02-20 11:30:37.483  INFO 6428 --- [main] com.netflix.discovery.DiscoveryClient    : The response status is 200
2020-02-20 11:30:37.485  INFO 6428 --- [main] com.netflix.discovery.DiscoveryClient    : Starting heartbeat executor: renew interval is: 10
2020-02-20 11:30:37.488  INFO 6428 --- [main] c.n.discovery.InstanceInfoReplicator     : InstanceInfoReplicator onDemand update allowed rate per min is 4
2020-02-20 11:30:37.491  INFO 6428 --- [main] com.netflix.discovery.DiscoveryClient    : Discovery Client initialized at timestamp 1582169437490 with initial instances count: 3
2020-02-20 11:30:37.494  INFO 6428 --- [main] o.s.c.n.e.s.EurekaServiceRegistry        : Registering application EUREKA-PRI with eureka with status UP
2020-02-20 11:30:37.495  INFO 6428 --- [main] com.netflix.discovery.DiscoveryClient    : Saw local status change event StatusChangeEvent [timestamp=1582169437495, current=UP, previous=STARTING]
2020-02-20 11:30:37.497  INFO 6428 --- [DiscoveryClient-InstanceInfoReplicator-0] com.netflix.discovery.DiscoveryClient    : DiscoveryClient_EUREKA-PRI/192.168.199.162:eureka-pri:8081: registering service...
2020-02-20 11:30:37.535  INFO 6428 --- [DiscoveryClient-InstanceInfoReplicator-0] com.netflix.discovery.DiscoveryClient    : DiscoveryClient_EUREKA-PRI/192.168.199.162:eureka-pri:8081 - registration status: 204
2020-02-20 11:30:37.540  INFO 6428 --- [main] o.s.b.w.embedded.tomcat.TomcatWebServer  : Tomcat started on port(s): 8081 (http) with context path ''
2020-02-20 11:30:37.541  INFO 6428 --- [main] .s.c.n.e.s.EurekaAutoServiceRegistration : Updating port to 8081
2020-02-20 11:30:37.542  INFO 6428 --- [main] com.eureka.pri.PriApplication            : Started PriApplication in 7.449 seconds (JVM running for 8.446)
2020-02-20 11:30:38.057  INFO 6428 --- [RMI TCP Connection(1)-192.168.199.162] o.a.c.c.C.[Tomcat].[localhost].[/]       : Initializing Spring DispatcherServlet 'dispatcherServlet'
2020-02-20 11:30:38.057  INFO 6428 --- [RMI TCP Connection(1)-192.168.199.162] o.s.web.servlet.DispatcherServlet        : Initializing Servlet 'dispatcherServlet'
2020-02-20 11:30:38.067  INFO 6428 --- [RMI TCP Connection(1)-192.168.199.162] o.s.web.servlet.DispatcherServlet        : Completed initialization in 10 ms
2020-02-20 11:30:38.095  INFO 6428 --- [RMI TCP Connection(2)-192.168.199.162] com.alibaba.druid.pool.DruidDataSource   : {dataSource-1} inited
2020-02-20 11:35:37.325  INFO 6428 --- [AsyncResolver-bootstrap-executor-0] c.n.d.s.r.aws.ConfigClusterResolver      : Resolving eureka endpoints via configuration
2020-02-20 11:40:25.002  INFO 2148 --- [main] com.eureka.pri.PriApplication            : No active profile set, falling back to default profiles: default
2020-02-20 11:40:25.435  WARN 2148 --- [main] o.s.boot.actuate.endpoint.EndpointId     : Endpoint ID 'service-registry' contains invalid characters, please migrate to a valid format.
2020-02-20 11:40:25.544  INFO 2148 --- [main] o.s.cloud.context.scope.GenericScope     : BeanFactory id=06dae185-10be-3535-9b87-0d1a03807843
2020-02-20 11:40:25.613  INFO 2148 --- [main] trationDelegate$BeanPostProcessorChecker : Bean 'org.springframework.transaction.annotation.ProxyTransactionManagementConfiguration' of type [org.springframework.transaction.annotation.ProxyTransactionManagementConfiguration$$EnhancerBySpringCGLIB$$90f13eec] is not eligible for getting processed by all BeanPostProcessors (for example: not eligible for auto-proxying)
2020-02-20 11:40:25.726  INFO 2148 --- [main] trationDelegate$BeanPostProcessorChecker : Bean 'spring.cloud.sentinel-org.springframework.cloud.alibaba.sentinel.SentinelProperties' of type [org.springframework.cloud.alibaba.sentinel.SentinelProperties] is not eligible for getting processed by all BeanPostProcessors (for example: not eligible for auto-proxying)
2020-02-20 11:40:25.813  INFO 2148 --- [main] trationDelegate$BeanPostProcessorChecker : Bean 'org.springframework.cloud.alibaba.sentinel.custom.SentinelAutoConfiguration' of type [org.springframework.cloud.alibaba.sentinel.custom.SentinelAutoConfiguration$$EnhancerBySpringCGLIB$$4e5c0b0f] is not eligible for getting processed by all BeanPostProcessors (for example: not eligible for auto-proxying)
2020-02-20 11:40:25.820  INFO 2148 --- [main] trationDelegate$BeanPostProcessorChecker : Bean 'org.springframework.cloud.autoconfigure.ConfigurationPropertiesRebinderAutoConfiguration' of type [org.springframework.cloud.autoconfigure.ConfigurationPropertiesRebinderAutoConfiguration$$EnhancerBySpringCGLIB$$ad0b41e9] is not eligible for getting processed by all BeanPostProcessors (for example: not eligible for auto-proxying)
2020-02-20 11:40:26.052  INFO 2148 --- [main] o.s.b.w.embedded.tomcat.TomcatWebServer  : Tomcat initialized with port(s): 8082 (http)
2020-02-20 11:40:26.065  INFO 2148 --- [main] o.apache.catalina.core.StandardService   : Starting service [Tomcat]
2020-02-20 11:40:26.065  INFO 2148 --- [main] org.apache.catalina.core.StandardEngine  : Starting Servlet engine: [Apache Tomcat/9.0.21]
2020-02-20 11:40:26.157  INFO 2148 --- [main] o.a.c.c.C.[Tomcat].[localhost].[/]       : Initializing Spring embedded WebApplicationContext
2020-02-20 11:40:26.157  INFO 2148 --- [main] o.s.web.context.ContextLoader            : Root WebApplicationContext: initialization completed in 1150 ms
2020-02-20 11:40:26.220  WARN 2148 --- [main] c.n.c.sources.URLConfigurationSource     : No URLs will be polled as dynamic configuration sources.
2020-02-20 11:40:26.221  INFO 2148 --- [main] c.n.c.sources.URLConfigurationSource     : To enable URLs as dynamic configuration sources, define System property archaius.configurationSource.additionalUrls or make config.properties available on classpath.
2020-02-20 11:40:26.226  INFO 2148 --- [main] c.netflix.config.DynamicPropertyFactory  : DynamicPropertyFactory is initialized with configuration sources: com.netflix.config.ConcurrentCompositeConfiguration@31142d58
2020-02-20 11:40:26.240  INFO 2148 --- [main] o.s.c.a.s.SentinelWebAutoConfiguration   : [Sentinel Starter] register Sentinel with urlPatterns: [/*].
2020-02-20 11:40:26.779  INFO 2148 --- [main] o.s.b.a.e.web.ServletEndpointRegistrar   : Registered '/actuator/jolokia' to jolokia-actuator-endpoint
2020-02-20 11:40:26.855  WARN 2148 --- [main] c.n.c.sources.URLConfigurationSource     : No URLs will be polled as dynamic configuration sources.
2020-02-20 11:40:26.855  INFO 2148 --- [main] c.n.c.sources.URLConfigurationSource     : To enable URLs as dynamic configuration sources, define System property archaius.configurationSource.additionalUrls or make config.properties available on classpath.
2020-02-20 11:40:26.979  INFO 2148 --- [main] o.s.s.concurrent.ThreadPoolTaskExecutor  : Initializing ExecutorService 'applicationTaskExecutor'
2020-02-20 11:40:27.548  INFO 2148 --- [main] o.s.b.a.e.web.EndpointLinksResolver      : Exposing 23 endpoint(s) beneath base path '/actuator'
2020-02-20 11:40:27.609  INFO 2148 --- [main] o.s.c.n.eureka.InstanceInfoFactory       : Setting initial instance status as: STARTING
2020-02-20 11:40:27.630  INFO 2148 --- [main] com.netflix.discovery.DiscoveryClient    : Initializing Eureka in region us-east-1
2020-02-20 11:40:27.936  INFO 2148 --- [main] c.n.d.provider.DiscoveryJerseyProvider   : Using JSON encoding codec LegacyJacksonJson
2020-02-20 11:40:27.936  INFO 2148 --- [main] c.n.d.provider.DiscoveryJerseyProvider   : Using JSON decoding codec LegacyJacksonJson
2020-02-20 11:40:28.013  INFO 2148 --- [main] c.n.d.provider.DiscoveryJerseyProvider   : Using XML encoding codec XStreamXml
2020-02-20 11:40:28.013  INFO 2148 --- [main] c.n.d.provider.DiscoveryJerseyProvider   : Using XML decoding codec XStreamXml
2020-02-20 11:40:28.162  INFO 2148 --- [main] c.n.d.s.r.aws.ConfigClusterResolver      : Resolving eureka endpoints via configuration
2020-02-20 11:40:28.338  INFO 2148 --- [main] com.netflix.discovery.DiscoveryClient    : Disable delta property : false
2020-02-20 11:40:28.338  INFO 2148 --- [main] com.netflix.discovery.DiscoveryClient    : Single vip registry refresh property : null
2020-02-20 11:40:28.338  INFO 2148 --- [main] com.netflix.discovery.DiscoveryClient    : Force full registry fetch : false
2020-02-20 11:40:28.338  INFO 2148 --- [main] com.netflix.discovery.DiscoveryClient    : Application is null : false
2020-02-20 11:40:28.338  INFO 2148 --- [main] com.netflix.discovery.DiscoveryClient    : Registered Applications size is zero : true
2020-02-20 11:40:28.338  INFO 2148 --- [main] com.netflix.discovery.DiscoveryClient    : Application version is -1: true
2020-02-20 11:40:28.338  INFO 2148 --- [main] com.netflix.discovery.DiscoveryClient    : Getting all instance registry info from the eureka server
2020-02-20 11:40:28.460  INFO 2148 --- [main] com.netflix.discovery.DiscoveryClient    : The response status is 200
2020-02-20 11:40:28.462  INFO 2148 --- [main] com.netflix.discovery.DiscoveryClient    : Starting heartbeat executor: renew interval is: 10
2020-02-20 11:40:28.464  INFO 2148 --- [main] c.n.discovery.InstanceInfoReplicator     : InstanceInfoReplicator onDemand update allowed rate per min is 4
2020-02-20 11:40:28.466  INFO 2148 --- [main] com.netflix.discovery.DiscoveryClient    : Discovery Client initialized at timestamp 1582170028465 with initial instances count: 6
2020-02-20 11:40:28.468  INFO 2148 --- [main] o.s.c.n.e.s.EurekaServiceRegistry        : Registering application EUREKA-PRI with eureka with status UP
2020-02-20 11:40:28.469  INFO 2148 --- [main] com.netflix.discovery.DiscoveryClient    : Saw local status change event StatusChangeEvent [timestamp=1582170028469, current=UP, previous=STARTING]
2020-02-20 11:40:28.470  INFO 2148 --- [DiscoveryClient-InstanceInfoReplicator-0] com.netflix.discovery.DiscoveryClient    : DiscoveryClient_EUREKA-PRI/192.168.199.162:eureka-pri:8082: registering service...
2020-02-20 11:40:28.497  INFO 2148 --- [DiscoveryClient-InstanceInfoReplicator-0] com.netflix.discovery.DiscoveryClient    : DiscoveryClient_EUREKA-PRI/192.168.199.162:eureka-pri:8082 - registration status: 204
2020-02-20 11:40:28.501  INFO 2148 --- [main] o.s.b.w.embedded.tomcat.TomcatWebServer  : Tomcat started on port(s): 8082 (http) with context path ''
2020-02-20 11:40:28.501  INFO 2148 --- [main] .s.c.n.e.s.EurekaAutoServiceRegistration : Updating port to 8082
2020-02-20 11:40:28.502  INFO 2148 --- [main] com.eureka.pri.PriApplication            : Started PriApplication in 4.863 seconds (JVM running for 5.53)
2020-02-20 11:40:28.921  INFO 2148 --- [RMI TCP Connection(2)-192.168.199.162] o.a.c.c.C.[Tomcat].[localhost].[/]       : Initializing Spring DispatcherServlet 'dispatcherServlet'
2020-02-20 11:40:28.921  INFO 2148 --- [RMI TCP Connection(2)-192.168.199.162] o.s.web.servlet.DispatcherServlet        : Initializing Servlet 'dispatcherServlet'
2020-02-20 11:40:28.927  INFO 2148 --- [RMI TCP Connection(2)-192.168.199.162] o.s.web.servlet.DispatcherServlet        : Completed initialization in 6 ms
2020-02-20 11:40:28.945  INFO 2148 --- [RMI TCP Connection(1)-192.168.199.162] com.alibaba.druid.pool.DruidDataSource   : {dataSource-1} inited
2020-02-20 11:40:37.328  INFO 6428 --- [AsyncResolver-bootstrap-executor-0] c.n.d.s.r.aws.ConfigClusterResolver      : Resolving eureka endpoints via configuration
2020-02-20 11:45:28.342  INFO 2148 --- [AsyncResolver-bootstrap-executor-0] c.n.d.s.r.aws.ConfigClusterResolver      : Resolving eureka endpoints via configuration
2020-02-20 11:45:37.330  INFO 6428 --- [AsyncResolver-bootstrap-executor-0] c.n.d.s.r.aws.ConfigClusterResolver      : Resolving eureka endpoints via configuration
2020-02-20 11:50:28.342  INFO 2148 --- [AsyncResolver-bootstrap-executor-0] c.n.d.s.r.aws.ConfigClusterResolver      : Resolving eureka endpoints via configuration
2020-02-20 11:50:37.332  INFO 6428 --- [AsyncResolver-bootstrap-executor-0] c.n.d.s.r.aws.ConfigClusterResolver      : Resolving eureka endpoints via configuration
2020-02-20 14:02:24.041  INFO 2148 --- [AsyncResolver-bootstrap-executor-0] c.n.d.s.r.aws.ConfigClusterResolver      : Resolving eureka endpoints via configuration
2020-02-20 14:02:33.032  INFO 6428 --- [AsyncResolver-bootstrap-executor-0] c.n.d.s.r.aws.ConfigClusterResolver      : Resolving eureka endpoints via configuration
2020-02-20 14:07:24.043  INFO 2148 --- [AsyncResolver-bootstrap-executor-0] c.n.d.s.r.aws.ConfigClusterResolver      : Resolving eureka endpoints via configuration
2020-02-20 14:07:33.034  INFO 6428 --- [AsyncResolver-bootstrap-executor-0] c.n.d.s.r.aws.ConfigClusterResolver      : Resolving eureka endpoints via configuration
2020-02-20 14:12:24.045  INFO 2148 --- [AsyncResolver-bootstrap-executor-0] c.n.d.s.r.aws.ConfigClusterResolver      : Resolving eureka endpoints via configuration
2020-02-20 14:12:33.035  INFO 6428 --- [AsyncResolver-bootstrap-executor-0] c.n.d.s.r.aws.ConfigClusterResolver      : Resolving eureka endpoints via configuration
2020-02-20 14:17:24.046  INFO 2148 --- [AsyncResolver-bootstrap-executor-0] c.n.d.s.r.aws.ConfigClusterResolver      : Resolving eureka endpoints via configuration
2020-02-20 14:17:33.036  INFO 6428 --- [AsyncResolver-bootstrap-executor-0] c.n.d.s.r.aws.ConfigClusterResolver      : Resolving eureka endpoints via configuration
2020-02-20 14:19:20.849  INFO 16976 --- [main] com.eureka.pri.PriApplication            : No active profile set, falling back to default profiles: default
2020-02-20 14:19:21.517  WARN 16976 --- [main] o.s.boot.actuate.endpoint.EndpointId     : Endpoint ID 'service-registry' contains invalid characters, please migrate to a valid format.
2020-02-20 14:19:21.685  INFO 16976 --- [main] o.s.cloud.context.scope.GenericScope     : BeanFactory id=06dae185-10be-3535-9b87-0d1a03807843
2020-02-20 14:19:21.808  INFO 16976 --- [main] trationDelegate$BeanPostProcessorChecker : Bean 'org.springframework.transaction.annotation.ProxyTransactionManagementConfiguration' of type [org.springframework.transaction.annotation.ProxyTransactionManagementConfiguration$$EnhancerBySpringCGLIB$$225a98ae] is not eligible for getting processed by all BeanPostProcessors (for example: not eligible for auto-proxying)
2020-02-20 14:19:22.025  INFO 16976 --- [main] trationDelegate$BeanPostProcessorChecker : Bean 'spring.cloud.sentinel-org.springframework.cloud.alibaba.sentinel.SentinelProperties' of type [org.springframework.cloud.alibaba.sentinel.SentinelProperties] is not eligible for getting processed by all BeanPostProcessors (for example: not eligible for auto-proxying)
2020-02-20 14:19:22.184  INFO 16976 --- [main] trationDelegate$BeanPostProcessorChecker : Bean 'org.springframework.cloud.alibaba.sentinel.custom.SentinelAutoConfiguration' of type [org.springframework.cloud.alibaba.sentinel.custom.SentinelAutoConfiguration$$EnhancerBySpringCGLIB$$dfc564d1] is not eligible for getting processed by all BeanPostProcessors (for example: not eligible for auto-proxying)
2020-02-20 14:19:22.192  INFO 16976 --- [main] trationDelegate$BeanPostProcessorChecker : Bean 'org.springframework.cloud.autoconfigure.ConfigurationPropertiesRebinderAutoConfiguration' of type [org.springframework.cloud.autoconfigure.ConfigurationPropertiesRebinderAutoConfiguration$$EnhancerBySpringCGLIB$$3e749bab] is not eligible for getting processed by all BeanPostProcessors (for example: not eligible for auto-proxying)
2020-02-20 14:19:22.574  INFO 16976 --- [main] o.s.b.w.embedded.tomcat.TomcatWebServer  : Tomcat initialized with port(s): 8083 (http)
2020-02-20 14:19:22.606  INFO 16976 --- [main] o.apache.catalina.core.StandardService   : Starting service [Tomcat]
2020-02-20 14:19:22.606  INFO 16976 --- [main] org.apache.catalina.core.StandardEngine  : Starting Servlet engine: [Apache Tomcat/9.0.21]
2020-02-20 14:19:22.778  INFO 16976 --- [main] o.a.c.c.C.[Tomcat].[localhost].[/]       : Initializing Spring embedded WebApplicationContext
2020-02-20 14:19:22.779  INFO 16976 --- [main] o.s.web.context.ContextLoader            : Root WebApplicationContext: initialization completed in 1923 ms
2020-02-20 14:19:22.919  WARN 16976 --- [main] c.n.c.sources.URLConfigurationSource     : No URLs will be polled as dynamic configuration sources.
2020-02-20 14:19:22.919  INFO 16976 --- [main] c.n.c.sources.URLConfigurationSource     : To enable URLs as dynamic configuration sources, define System property archaius.configurationSource.additionalUrls or make config.properties available on classpath.
2020-02-20 14:19:22.933  INFO 16976 --- [main] c.netflix.config.DynamicPropertyFactory  : DynamicPropertyFactory is initialized with configuration sources: com.netflix.config.ConcurrentCompositeConfiguration@2c413ffc
2020-02-20 14:19:22.957  INFO 16976 --- [main] o.s.c.a.s.SentinelWebAutoConfiguration   : [Sentinel Starter] register Sentinel with urlPatterns: [/*].
2020-02-20 14:19:23.826  INFO 16976 --- [main] o.s.b.a.e.web.ServletEndpointRegistrar   : Registered '/actuator/jolokia' to jolokia-actuator-endpoint
2020-02-20 14:19:23.931  WARN 16976 --- [main] c.n.c.sources.URLConfigurationSource     : No URLs will be polled as dynamic configuration sources.
2020-02-20 14:19:23.931  INFO 16976 --- [main] c.n.c.sources.URLConfigurationSource     : To enable URLs as dynamic configuration sources, define System property archaius.configurationSource.additionalUrls or make config.properties available on classpath.
2020-02-20 14:19:24.111  INFO 16976 --- [main] o.s.s.concurrent.ThreadPoolTaskExecutor  : Initializing ExecutorService 'applicationTaskExecutor'
2020-02-20 14:19:24.991  INFO 16976 --- [main] o.s.b.a.e.web.EndpointLinksResolver      : Exposing 23 endpoint(s) beneath base path '/actuator'
2020-02-20 14:19:25.095  INFO 16976 --- [main] o.s.c.n.eureka.InstanceInfoFactory       : Setting initial instance status as: STARTING
2020-02-20 14:19:25.127  INFO 16976 --- [main] com.netflix.discovery.DiscoveryClient    : Initializing Eureka in region us-east-1
2020-02-20 14:19:25.530  INFO 16976 --- [main] c.n.d.provider.DiscoveryJerseyProvider   : Using JSON encoding codec LegacyJacksonJson
2020-02-20 14:19:25.530  INFO 16976 --- [main] c.n.d.provider.DiscoveryJerseyProvider   : Using JSON decoding codec LegacyJacksonJson
2020-02-20 14:19:25.636  INFO 16976 --- [main] c.n.d.provider.DiscoveryJerseyProvider   : Using XML encoding codec XStreamXml
2020-02-20 14:19:25.636  INFO 16976 --- [main] c.n.d.provider.DiscoveryJerseyProvider   : Using XML decoding codec XStreamXml
2020-02-20 14:19:25.885  INFO 16976 --- [main] c.n.d.s.r.aws.ConfigClusterResolver      : Resolving eureka endpoints via configuration
2020-02-20 14:19:26.119  INFO 16976 --- [main] com.netflix.discovery.DiscoveryClient    : Disable delta property : false
2020-02-20 14:19:26.119  INFO 16976 --- [main] com.netflix.discovery.DiscoveryClient    : Single vip registry refresh property : null
2020-02-20 14:19:26.119  INFO 16976 --- [main] com.netflix.discovery.DiscoveryClient    : Force full registry fetch : false
2020-02-20 14:19:26.120  INFO 16976 --- [main] com.netflix.discovery.DiscoveryClient    : Application is null : false
2020-02-20 14:19:26.120  INFO 16976 --- [main] com.netflix.discovery.DiscoveryClient    : Registered Applications size is zero : true
2020-02-20 14:19:26.120  INFO 16976 --- [main] com.netflix.discovery.DiscoveryClient    : Application version is -1: true
2020-02-20 14:19:26.120  INFO 16976 --- [main] com.netflix.discovery.DiscoveryClient    : Getting all instance registry info from the eureka server
2020-02-20 14:19:26.403  INFO 16976 --- [main] com.netflix.discovery.DiscoveryClient    : The response status is 200
2020-02-20 14:19:26.406  INFO 16976 --- [main] com.netflix.discovery.DiscoveryClient    : Starting heartbeat executor: renew interval is: 10
2020-02-20 14:19:26.408  INFO 16976 --- [main] c.n.discovery.InstanceInfoReplicator     : InstanceInfoReplicator onDemand update allowed rate per min is 4
2020-02-20 14:19:26.411  INFO 16976 --- [main] com.netflix.discovery.DiscoveryClient    : Discovery Client initialized at timestamp 1582179566410 with initial instances count: 6
2020-02-20 14:19:26.414  INFO 16976 --- [main] o.s.c.n.e.s.EurekaServiceRegistry        : Registering application EUREKA-PRI with eureka with status UP
2020-02-20 14:19:26.415  INFO 16976 --- [main] com.netflix.discovery.DiscoveryClient    : Saw local status change event StatusChangeEvent [timestamp=1582179566415, current=UP, previous=STARTING]
2020-02-20 14:19:26.417  INFO 16976 --- [DiscoveryClient-InstanceInfoReplicator-0] com.netflix.discovery.DiscoveryClient    : DiscoveryClient_EUREKA-PRI/192.168.199.162:eureka-pri:8083: registering service...
2020-02-20 14:19:26.458  INFO 16976 --- [DiscoveryClient-InstanceInfoReplicator-0] com.netflix.discovery.DiscoveryClient    : DiscoveryClient_EUREKA-PRI/192.168.199.162:eureka-pri:8083 - registration status: 204
2020-02-20 14:19:26.459  INFO 16976 --- [main] o.s.b.w.embedded.tomcat.TomcatWebServer  : Tomcat started on port(s): 8083 (http) with context path ''
2020-02-20 14:19:26.460  INFO 16976 --- [main] .s.c.n.e.s.EurekaAutoServiceRegistration : Updating port to 8083
2020-02-20 14:19:26.462  INFO 16976 --- [main] com.eureka.pri.PriApplication            : Started PriApplication in 7.624 seconds (JVM running for 8.72)
2020-02-20 14:19:27.049  INFO 16976 --- [RMI TCP Connection(2)-192.168.199.162] o.a.c.c.C.[Tomcat].[localhost].[/]       : Initializing Spring DispatcherServlet 'dispatcherServlet'
2020-02-20 14:19:27.049  INFO 16976 --- [RMI TCP Connection(2)-192.168.199.162] o.s.web.servlet.DispatcherServlet        : Initializing Servlet 'dispatcherServlet'
2020-02-20 14:19:27.060  INFO 16976 --- [RMI TCP Connection(2)-192.168.199.162] o.s.web.servlet.DispatcherServlet        : Completed initialization in 11 ms
2020-02-20 14:19:27.088  INFO 16976 --- [RMI TCP Connection(1)-192.168.199.162] com.alibaba.druid.pool.DruidDataSource   : {dataSource-1} inited
2020-02-20 14:22:24.048  INFO 2148 --- [AsyncResolver-bootstrap-executor-0] c.n.d.s.r.aws.ConfigClusterResolver      : Resolving eureka endpoints via configuration
2020-02-20 14:22:33.037  INFO 6428 --- [AsyncResolver-bootstrap-executor-0] c.n.d.s.r.aws.ConfigClusterResolver      : Resolving eureka endpoints via configuration
2020-02-20 14:24:26.122  INFO 16976 --- [AsyncResolver-bootstrap-executor-0] c.n.d.s.r.aws.ConfigClusterResolver      : Resolving eureka endpoints via configuration
2020-02-20 14:27:24.049  INFO 2148 --- [AsyncResolver-bootstrap-executor-0] c.n.d.s.r.aws.ConfigClusterResolver      : Resolving eureka endpoints via configuration
2020-02-20 14:27:33.039  INFO 6428 --- [AsyncResolver-bootstrap-executor-0] c.n.d.s.r.aws.ConfigClusterResolver      : Resolving eureka endpoints via configuration
2020-02-20 14:29:26.124  INFO 16976 --- [AsyncResolver-bootstrap-executor-0] c.n.d.s.r.aws.ConfigClusterResolver      : Resolving eureka endpoints via configuration
2020-02-20 14:32:24.050  INFO 2148 --- [AsyncResolver-bootstrap-executor-0] c.n.d.s.r.aws.ConfigClusterResolver      : Resolving eureka endpoints via configuration
2020-02-20 14:32:33.040  INFO 6428 --- [AsyncResolver-bootstrap-executor-0] c.n.d.s.r.aws.ConfigClusterResolver      : Resolving eureka endpoints via configuration
2020-02-20 14:34:26.125  INFO 16976 --- [AsyncResolver-bootstrap-executor-0] c.n.d.s.r.aws.ConfigClusterResolver      : Resolving eureka endpoints via configuration
2020-02-20 14:37:24.052  INFO 2148 --- [AsyncResolver-bootstrap-executor-0] c.n.d.s.r.aws.ConfigClusterResolver      : Resolving eureka endpoints via configuration
2020-02-20 14:37:33.042  INFO 6428 --- [AsyncResolver-bootstrap-executor-0] c.n.d.s.r.aws.ConfigClusterResolver      : Resolving eureka endpoints via configuration
2020-02-20 14:39:26.126  INFO 16976 --- [AsyncResolver-bootstrap-executor-0] c.n.d.s.r.aws.ConfigClusterResolver      : Resolving eureka endpoints via configuration
2020-02-20 14:42:24.054  INFO 2148 --- [AsyncResolver-bootstrap-executor-0] c.n.d.s.r.aws.ConfigClusterResolver      : Resolving eureka endpoints via configuration
2020-02-20 14:42:33.043  INFO 6428 --- [AsyncResolver-bootstrap-executor-0] c.n.d.s.r.aws.ConfigClusterResolver      : Resolving eureka endpoints via configuration
2020-02-20 14:44:26.128  INFO 16976 --- [AsyncResolver-bootstrap-executor-0] c.n.d.s.r.aws.ConfigClusterResolver      : Resolving eureka endpoints via configuration
2020-02-20 14:47:24.054  INFO 2148 --- [AsyncResolver-bootstrap-executor-0] c.n.d.s.r.aws.ConfigClusterResolver      : Resolving eureka endpoints via configuration
2020-02-20 14:47:33.045  INFO 6428 --- [AsyncResolver-bootstrap-executor-0] c.n.d.s.r.aws.ConfigClusterResolver      : Resolving eureka endpoints via configuration
2020-02-20 14:49:26.130  INFO 16976 --- [AsyncResolver-bootstrap-executor-0] c.n.d.s.r.aws.ConfigClusterResolver      : Resolving eureka endpoints via configuration
2020-02-20 14:52:24.055  INFO 2148 --- [AsyncResolver-bootstrap-executor-0] c.n.d.s.r.aws.ConfigClusterResolver      : Resolving eureka endpoints via configuration
2020-02-20 14:52:33.046  INFO 6428 --- [AsyncResolver-bootstrap-executor-0] c.n.d.s.r.aws.ConfigClusterResolver      : Resolving eureka endpoints via configuration
2020-02-20 14:54:26.131  INFO 16976 --- [AsyncResolver-bootstrap-executor-0] c.n.d.s.r.aws.ConfigClusterResolver      : Resolving eureka endpoints via configuration
2020-02-20 14:57:24.057  INFO 2148 --- [AsyncResolver-bootstrap-executor-0] c.n.d.s.r.aws.ConfigClusterResolver      : Resolving eureka endpoints via configuration
2020-02-20 14:57:33.048  INFO 6428 --- [AsyncResolver-bootstrap-executor-0] c.n.d.s.r.aws.ConfigClusterResolver      : Resolving eureka endpoints via configuration
2020-02-20 14:59:26.133  INFO 16976 --- [AsyncResolver-bootstrap-executor-0] c.n.d.s.r.aws.ConfigClusterResolver      : Resolving eureka endpoints via configuration
2020-02-20 15:02:24.058  INFO 2148 --- [AsyncResolver-bootstrap-executor-0] c.n.d.s.r.aws.ConfigClusterResolver      : Resolving eureka endpoints via configuration
2020-02-20 15:02:33.049  INFO 6428 --- [AsyncResolver-bootstrap-executor-0] c.n.d.s.r.aws.ConfigClusterResolver      : Resolving eureka endpoints via configuration
2020-02-20 15:04:26.134  INFO 16976 --- [AsyncResolver-bootstrap-executor-0] c.n.d.s.r.aws.ConfigClusterResolver      : Resolving eureka endpoints via configuration
2020-02-20 15:07:24.060  INFO 2148 --- [AsyncResolver-bootstrap-executor-0] c.n.d.s.r.aws.ConfigClusterResolver      : Resolving eureka endpoints via configuration
2020-02-20 15:07:33.052  INFO 6428 --- [AsyncResolver-bootstrap-executor-0] c.n.d.s.r.aws.ConfigClusterResolver      : Resolving eureka endpoints via configuration
2020-02-20 15:09:26.135  INFO 16976 --- [AsyncResolver-bootstrap-executor-0] c.n.d.s.r.aws.ConfigClusterResolver      : Resolving eureka endpoints via configuration
2020-02-20 15:12:24.062  INFO 2148 --- [AsyncResolver-bootstrap-executor-0] c.n.d.s.r.aws.ConfigClusterResolver      : Resolving eureka endpoints via configuration
2020-02-20 15:12:33.054  INFO 6428 --- [AsyncResolver-bootstrap-executor-0] c.n.d.s.r.aws.ConfigClusterResolver      : Resolving eureka endpoints via configuration
2020-02-20 15:14:26.137  INFO 16976 --- [AsyncResolver-bootstrap-executor-0] c.n.d.s.r.aws.ConfigClusterResolver      : Resolving eureka endpoints via configuration
2020-02-20 15:17:24.063  INFO 2148 --- [AsyncResolver-bootstrap-executor-0] c.n.d.s.r.aws.ConfigClusterResolver      : Resolving eureka endpoints via configuration
2020-02-20 15:17:33.055  INFO 6428 --- [AsyncResolver-bootstrap-executor-0] c.n.d.s.r.aws.ConfigClusterResolver      : Resolving eureka endpoints via configuration
2020-02-20 15:19:26.138  INFO 16976 --- [AsyncResolver-bootstrap-executor-0] c.n.d.s.r.aws.ConfigClusterResolver      : Resolving eureka endpoints via configuration
2020-02-20 15:22:24.064  INFO 2148 --- [AsyncResolver-bootstrap-executor-0] c.n.d.s.r.aws.ConfigClusterResolver      : Resolving eureka endpoints via configuration
2020-02-20 15:22:33.056  INFO 6428 --- [AsyncResolver-bootstrap-executor-0] c.n.d.s.r.aws.ConfigClusterResolver      : Resolving eureka endpoints via configuration
2020-02-20 15:24:26.140  INFO 16976 --- [AsyncResolver-bootstrap-executor-0] c.n.d.s.r.aws.ConfigClusterResolver      : Resolving eureka endpoints via configuration
2020-02-20 15:27:24.066  INFO 2148 --- [AsyncResolver-bootstrap-executor-0] c.n.d.s.r.aws.ConfigClusterResolver      : Resolving eureka endpoints via configuration
2020-02-20 15:27:33.058  INFO 6428 --- [AsyncResolver-bootstrap-executor-0] c.n.d.s.r.aws.ConfigClusterResolver      : Resolving eureka endpoints via configuration
2020-02-20 15:29:26.141  INFO 16976 --- [AsyncResolver-bootstrap-executor-0] c.n.d.s.r.aws.ConfigClusterResolver      : Resolving eureka endpoints via configuration
2020-02-20 15:32:24.068  INFO 2148 --- [AsyncResolver-bootstrap-executor-0] c.n.d.s.r.aws.ConfigClusterResolver      : Resolving eureka endpoints via configuration
2020-02-20 15:32:33.059  INFO 6428 --- [AsyncResolver-bootstrap-executor-0] c.n.d.s.r.aws.ConfigClusterResolver      : Resolving eureka endpoints via configuration
2020-02-20 15:34:26.143  INFO 16976 --- [AsyncResolver-bootstrap-executor-0] c.n.d.s.r.aws.ConfigClusterResolver      : Resolving eureka endpoints via configuration
2020-02-20 15:37:24.071  INFO 2148 --- [AsyncResolver-bootstrap-executor-0] c.n.d.s.r.aws.ConfigClusterResolver      : Resolving eureka endpoints via configuration
2020-02-20 15:37:33.061  INFO 6428 --- [AsyncResolver-bootstrap-executor-0] c.n.d.s.r.aws.ConfigClusterResolver      : Resolving eureka endpoints via configuration
2020-02-20 15:39:26.144  INFO 16976 --- [AsyncResolver-bootstrap-executor-0] c.n.d.s.r.aws.ConfigClusterResolver      : Resolving eureka endpoints via configuration
2020-02-20 15:42:24.073  INFO 2148 --- [AsyncResolver-bootstrap-executor-0] c.n.d.s.r.aws.ConfigClusterResolver      : Resolving eureka endpoints via configuration
2020-02-20 15:42:33.061  INFO 6428 --- [AsyncResolver-bootstrap-executor-0] c.n.d.s.r.aws.ConfigClusterResolver      : Resolving eureka endpoints via configuration
2020-02-20 15:44:26.146  INFO 16976 --- [AsyncResolver-bootstrap-executor-0] c.n.d.s.r.aws.ConfigClusterResolver      : Resolving eureka endpoints via configuration
2020-02-20 15:47:24.075  INFO 2148 --- [AsyncResolver-bootstrap-executor-0] c.n.d.s.r.aws.ConfigClusterResolver      : Resolving eureka endpoints via configuration
2020-02-20 15:47:33.062  INFO 6428 --- [AsyncResolver-bootstrap-executor-0] c.n.d.s.r.aws.ConfigClusterResolver      : Resolving eureka endpoints via configuration
2020-02-20 15:49:26.147  INFO 16976 --- [AsyncResolver-bootstrap-executor-0] c.n.d.s.r.aws.ConfigClusterResolver      : Resolving eureka endpoints via configuration
2020-02-20 15:52:24.076  INFO 2148 --- [AsyncResolver-bootstrap-executor-0] c.n.d.s.r.aws.ConfigClusterResolver      : Resolving eureka endpoints via configuration
2020-02-20 15:52:33.064  INFO 6428 --- [AsyncResolver-bootstrap-executor-0] c.n.d.s.r.aws.ConfigClusterResolver      : Resolving eureka endpoints via configuration
2020-02-20 15:54:26.149  INFO 16976 --- [AsyncResolver-bootstrap-executor-0] c.n.d.s.r.aws.ConfigClusterResolver      : Resolving eureka endpoints via configuration
2020-02-20 15:57:24.078  INFO 2148 --- [AsyncResolver-bootstrap-executor-0] c.n.d.s.r.aws.ConfigClusterResolver      : Resolving eureka endpoints via configuration
2020-02-20 15:57:33.066  INFO 6428 --- [AsyncResolver-bootstrap-executor-0] c.n.d.s.r.aws.ConfigClusterResolver      : Resolving eureka endpoints via configuration
2020-02-20 15:59:26.150  INFO 16976 --- [AsyncResolver-bootstrap-executor-0] c.n.d.s.r.aws.ConfigClusterResolver      : Resolving eureka endpoints via configuration
2020-02-20 16:02:24.079  INFO 2148 --- [AsyncResolver-bootstrap-executor-0] c.n.d.s.r.aws.ConfigClusterResolver      : Resolving eureka endpoints via configuration
2020-02-20 16:02:33.067  INFO 6428 --- [AsyncResolver-bootstrap-executor-0] c.n.d.s.r.aws.ConfigClusterResolver      : Resolving eureka endpoints via configuration
2020-02-20 16:04:26.153  INFO 16976 --- [AsyncResolver-bootstrap-executor-0] c.n.d.s.r.aws.ConfigClusterResolver      : Resolving eureka endpoints via configuration
2020-02-20 16:07:24.081  INFO 2148 --- [AsyncResolver-bootstrap-executor-0] c.n.d.s.r.aws.ConfigClusterResolver      : Resolving eureka endpoints via configuration
2020-02-20 16:07:33.069  INFO 6428 --- [AsyncResolver-bootstrap-executor-0] c.n.d.s.r.aws.ConfigClusterResolver      : Resolving eureka endpoints via configuration
2020-02-20 16:09:26.154  INFO 16976 --- [AsyncResolver-bootstrap-executor-0] c.n.d.s.r.aws.ConfigClusterResolver      : Resolving eureka endpoints via configuration
2020-02-20 16:11:39.513  INFO 18980 --- [main] com.eureka.pri.PriApplication            : No active profile set, falling back to default profiles: default
2020-02-20 16:11:39.941  WARN 18980 --- [main] o.s.boot.actuate.endpoint.EndpointId     : Endpoint ID 'service-registry' contains invalid characters, please migrate to a valid format.
2020-02-20 16:11:40.051  INFO 18980 --- [main] o.s.cloud.context.scope.GenericScope     : BeanFactory id=06dae185-10be-3535-9b87-0d1a03807843
2020-02-20 16:11:40.119  INFO 18980 --- [main] trationDelegate$BeanPostProcessorChecker : Bean 'org.springframework.transaction.annotation.ProxyTransactionManagementConfiguration' of type [org.springframework.transaction.annotation.ProxyTransactionManagementConfiguration$$EnhancerBySpringCGLIB$$fa70e1aa] is not eligible for getting processed by all BeanPostProcessors (for example: not eligible for auto-proxying)
2020-02-20 16:11:40.230  INFO 18980 --- [main] trationDelegate$BeanPostProcessorChecker : Bean 'spring.cloud.sentinel-org.springframework.cloud.alibaba.sentinel.SentinelProperties' of type [org.springframework.cloud.alibaba.sentinel.SentinelProperties] is not eligible for getting processed by all BeanPostProcessors (for example: not eligible for auto-proxying)
2020-02-20 16:11:40.303  INFO 18980 --- [main] trationDelegate$BeanPostProcessorChecker : Bean 'org.springframework.cloud.alibaba.sentinel.custom.SentinelAutoConfiguration' of type [org.springframework.cloud.alibaba.sentinel.custom.SentinelAutoConfiguration$$EnhancerBySpringCGLIB$$b7dbadcd] is not eligible for getting processed by all BeanPostProcessors (for example: not eligible for auto-proxying)
2020-02-20 16:11:40.307  INFO 18980 --- [main] trationDelegate$BeanPostProcessorChecker : Bean 'org.springframework.cloud.autoconfigure.ConfigurationPropertiesRebinderAutoConfiguration' of type [org.springframework.cloud.autoconfigure.ConfigurationPropertiesRebinderAutoConfiguration$$EnhancerBySpringCGLIB$$168ae4a7] is not eligible for getting processed by all BeanPostProcessors (for example: not eligible for auto-proxying)
2020-02-20 16:11:40.506  INFO 18980 --- [main] o.s.b.w.embedded.tomcat.TomcatWebServer  : Tomcat initialized with port(s): 8081 (http)
2020-02-20 16:11:40.520  INFO 18980 --- [main] o.apache.catalina.core.StandardService   : Starting service [Tomcat]
2020-02-20 16:11:40.520  INFO 18980 --- [main] org.apache.catalina.core.StandardEngine  : Starting Servlet engine: [Apache Tomcat/9.0.21]
2020-02-20 16:11:40.611  INFO 18980 --- [main] o.a.c.c.C.[Tomcat].[localhost].[/]       : Initializing Spring embedded WebApplicationContext
2020-02-20 16:11:40.611  INFO 18980 --- [main] o.s.web.context.ContextLoader            : Root WebApplicationContext: initialization completed in 1092 ms
2020-02-20 16:11:40.676  WARN 18980 --- [main] c.n.c.sources.URLConfigurationSource     : No URLs will be polled as dynamic configuration sources.
2020-02-20 16:11:40.676  INFO 18980 --- [main] c.n.c.sources.URLConfigurationSource     : To enable URLs as dynamic configuration sources, define System property archaius.configurationSource.additionalUrls or make config.properties available on classpath.
2020-02-20 16:11:40.682  INFO 18980 --- [main] c.netflix.config.DynamicPropertyFactory  : DynamicPropertyFactory is initialized with configuration sources: com.netflix.config.ConcurrentCompositeConfiguration@79aee22a
2020-02-20 16:11:40.696  INFO 18980 --- [main] o.s.c.a.s.SentinelWebAutoConfiguration   : [Sentinel Starter] register Sentinel with urlPatterns: [/*].
2020-02-20 16:11:41.235  INFO 18980 --- [main] o.s.b.a.e.web.ServletEndpointRegistrar   : Registered '/actuator/jolokia' to jolokia-actuator-endpoint
2020-02-20 16:11:41.316  WARN 18980 --- [main] c.n.c.sources.URLConfigurationSource     : No URLs will be polled as dynamic configuration sources.
2020-02-20 16:11:41.316  INFO 18980 --- [main] c.n.c.sources.URLConfigurationSource     : To enable URLs as dynamic configuration sources, define System property archaius.configurationSource.additionalUrls or make config.properties available on classpath.
2020-02-20 16:11:41.457  INFO 18980 --- [main] o.s.s.concurrent.ThreadPoolTaskExecutor  : Initializing ExecutorService 'applicationTaskExecutor'
2020-02-20 16:11:42.031  INFO 18980 --- [main] o.s.b.a.e.web.EndpointLinksResolver      : Exposing 23 endpoint(s) beneath base path '/actuator'
2020-02-20 16:11:42.091  INFO 18980 --- [main] o.s.c.n.eureka.InstanceInfoFactory       : Setting initial instance status as: STARTING
2020-02-20 16:11:42.113  INFO 18980 --- [main] com.netflix.discovery.DiscoveryClient    : Initializing Eureka in region us-east-1
2020-02-20 16:11:42.403  INFO 18980 --- [main] c.n.d.provider.DiscoveryJerseyProvider   : Using JSON encoding codec LegacyJacksonJson
2020-02-20 16:11:42.403  INFO 18980 --- [main] c.n.d.provider.DiscoveryJerseyProvider   : Using JSON decoding codec LegacyJacksonJson
2020-02-20 16:11:42.475  INFO 18980 --- [main] c.n.d.provider.DiscoveryJerseyProvider   : Using XML encoding codec XStreamXml
2020-02-20 16:11:42.475  INFO 18980 --- [main] c.n.d.provider.DiscoveryJerseyProvider   : Using XML decoding codec XStreamXml
2020-02-20 16:11:42.624  INFO 18980 --- [main] c.n.d.s.r.aws.ConfigClusterResolver      : Resolving eureka endpoints via configuration
2020-02-20 16:11:42.800  INFO 18980 --- [main] com.netflix.discovery.DiscoveryClient    : Disable delta property : false
2020-02-20 16:11:42.800  INFO 18980 --- [main] com.netflix.discovery.DiscoveryClient    : Single vip registry refresh property : null
2020-02-20 16:11:42.801  INFO 18980 --- [main] com.netflix.discovery.DiscoveryClient    : Force full registry fetch : false
2020-02-20 16:11:42.801  INFO 18980 --- [main] com.netflix.discovery.DiscoveryClient    : Application is null : false
2020-02-20 16:11:42.801  INFO 18980 --- [main] com.netflix.discovery.DiscoveryClient    : Registered Applications size is zero : true
2020-02-20 16:11:42.801  INFO 18980 --- [main] com.netflix.discovery.DiscoveryClient    : Application version is -1: true
2020-02-20 16:11:42.801  INFO 18980 --- [main] com.netflix.discovery.DiscoveryClient    : Getting all instance registry info from the eureka server
2020-02-20 16:11:43.077  INFO 18980 --- [main] com.netflix.discovery.DiscoveryClient    : The response status is 200
2020-02-20 16:11:43.079  INFO 18980 --- [main] com.netflix.discovery.DiscoveryClient    : Starting heartbeat executor: renew interval is: 10
2020-02-20 16:11:43.080  INFO 18980 --- [main] c.n.discovery.InstanceInfoReplicator     : InstanceInfoReplicator onDemand update allowed rate per min is 4
2020-02-20 16:11:43.083  INFO 18980 --- [main] com.netflix.discovery.DiscoveryClient    : Discovery Client initialized at timestamp 1582186303082 with initial instances count: 6
2020-02-20 16:11:43.085  INFO 18980 --- [main] o.s.c.n.e.s.EurekaServiceRegistry        : Registering application EUREKA-PRI with eureka with status UP
2020-02-20 16:11:43.085  INFO 18980 --- [main] com.netflix.discovery.DiscoveryClient    : Saw local status change event StatusChangeEvent [timestamp=1582186303085, current=UP, previous=STARTING]
2020-02-20 16:11:43.087  INFO 18980 --- [DiscoveryClient-InstanceInfoReplicator-0] com.netflix.discovery.DiscoveryClient    : DiscoveryClient_EUREKA-PRI/localhost:eureka-pri:8081: registering service...
2020-02-20 16:11:43.117  INFO 18980 --- [main] o.s.b.w.embedded.tomcat.TomcatWebServer  : Tomcat started on port(s): 8081 (http) with context path ''
2020-02-20 16:11:43.118  INFO 18980 --- [main] .s.c.n.e.s.EurekaAutoServiceRegistration : Updating port to 8081
2020-02-20 16:11:43.119  INFO 18980 --- [main] com.eureka.pri.PriApplication            : Started PriApplication in 6.637 seconds (JVM running for 7.284)
2020-02-20 16:11:43.340  INFO 18980 --- [RMI TCP Connection(2)-192.168.199.162] o.a.c.c.C.[Tomcat].[localhost].[/]       : Initializing Spring DispatcherServlet 'dispatcherServlet'
2020-02-20 16:11:43.340  INFO 18980 --- [RMI TCP Connection(2)-192.168.199.162] o.s.web.servlet.DispatcherServlet        : Initializing Servlet 'dispatcherServlet'
2020-02-20 16:11:43.347  INFO 18980 --- [RMI TCP Connection(2)-192.168.199.162] o.s.web.servlet.DispatcherServlet        : Completed initialization in 7 ms
2020-02-20 16:11:43.366  INFO 18980 --- [RMI TCP Connection(1)-192.168.199.162] com.alibaba.druid.pool.DruidDataSource   : {dataSource-1} inited
2020-02-20 16:11:44.023  INFO 18980 --- [DiscoveryClient-InstanceInfoReplicator-0] com.netflix.discovery.DiscoveryClient    : DiscoveryClient_EUREKA-PRI/localhost:eureka-pri:8081 - registration status: 204
2020-02-20 16:11:52.579  INFO 17648 --- [main] com.eureka.pri.PriApplication            : No active profile set, falling back to default profiles: default
2020-02-20 16:11:53.006  WARN 17648 --- [main] o.s.boot.actuate.endpoint.EndpointId     : Endpoint ID 'service-registry' contains invalid characters, please migrate to a valid format.
2020-02-20 16:11:53.122  INFO 17648 --- [main] o.s.cloud.context.scope.GenericScope     : BeanFactory id=06dae185-10be-3535-9b87-0d1a03807843
2020-02-20 16:11:53.191  INFO 17648 --- [main] trationDelegate$BeanPostProcessorChecker : Bean 'org.springframework.transaction.annotation.ProxyTransactionManagementConfiguration' of type [org.springframework.transaction.annotation.ProxyTransactionManagementConfiguration$$EnhancerBySpringCGLIB$$477f5d61] is not eligible for getting processed by all BeanPostProcessors (for example: not eligible for auto-proxying)
2020-02-20 16:11:53.303  INFO 17648 --- [main] trationDelegate$BeanPostProcessorChecker : Bean 'spring.cloud.sentinel-org.springframework.cloud.alibaba.sentinel.SentinelProperties' of type [org.springframework.cloud.alibaba.sentinel.SentinelProperties] is not eligible for getting processed by all BeanPostProcessors (for example: not eligible for auto-proxying)
2020-02-20 16:11:53.376  INFO 17648 --- [main] trationDelegate$BeanPostProcessorChecker : Bean 'org.springframework.cloud.alibaba.sentinel.custom.SentinelAutoConfiguration' of type [org.springframework.cloud.alibaba.sentinel.custom.SentinelAutoConfiguration$$EnhancerBySpringCGLIB$$4ea2984] is not eligible for getting processed by all BeanPostProcessors (for example: not eligible for auto-proxying)
2020-02-20 16:11:53.380  INFO 17648 --- [main] trationDelegate$BeanPostProcessorChecker : Bean 'org.springframework.cloud.autoconfigure.ConfigurationPropertiesRebinderAutoConfiguration' of type [org.springframework.cloud.autoconfigure.ConfigurationPropertiesRebinderAutoConfiguration$$EnhancerBySpringCGLIB$$6399605e] is not eligible for getting processed by all BeanPostProcessors (for example: not eligible for auto-proxying)
2020-02-20 16:11:53.583  INFO 17648 --- [main] o.s.b.w.embedded.tomcat.TomcatWebServer  : Tomcat initialized with port(s): 8082 (http)
2020-02-20 16:11:53.596  INFO 17648 --- [main] o.apache.catalina.core.StandardService   : Starting service [Tomcat]
2020-02-20 16:11:53.596  INFO 17648 --- [main] org.apache.catalina.core.StandardEngine  : Starting Servlet engine: [Apache Tomcat/9.0.21]
2020-02-20 16:11:53.692  INFO 17648 --- [main] o.a.c.c.C.[Tomcat].[localhost].[/]       : Initializing Spring embedded WebApplicationContext
2020-02-20 16:11:53.692  INFO 17648 --- [main] o.s.web.context.ContextLoader            : Root WebApplicationContext: initialization completed in 1107 ms
2020-02-20 16:11:53.756  WARN 17648 --- [main] c.n.c.sources.URLConfigurationSource     : No URLs will be polled as dynamic configuration sources.
2020-02-20 16:11:53.757  INFO 17648 --- [main] c.n.c.sources.URLConfigurationSource     : To enable URLs as dynamic configuration sources, define System property archaius.configurationSource.additionalUrls or make config.properties available on classpath.
2020-02-20 16:11:53.763  INFO 17648 --- [main] c.netflix.config.DynamicPropertyFactory  : DynamicPropertyFactory is initialized with configuration sources: com.netflix.config.ConcurrentCompositeConfiguration@62d1dc3c
2020-02-20 16:11:53.777  INFO 17648 --- [main] o.s.c.a.s.SentinelWebAutoConfiguration   : [Sentinel Starter] register Sentinel with urlPatterns: [/*].
2020-02-20 16:11:55.143  INFO 17648 --- [main] o.s.cloud.commons.util.InetUtils         : Cannot determine local hostname
2020-02-20 16:11:55.289  INFO 17648 --- [main] o.s.b.a.e.web.ServletEndpointRegistrar   : Registered '/actuator/jolokia' to jolokia-actuator-endpoint
2020-02-20 16:11:55.371  WARN 17648 --- [main] c.n.c.sources.URLConfigurationSource     : No URLs will be polled as dynamic configuration sources.
2020-02-20 16:11:55.372  INFO 17648 --- [main] c.n.c.sources.URLConfigurationSource     : To enable URLs as dynamic configuration sources, define System property archaius.configurationSource.additionalUrls or make config.properties available on classpath.
2020-02-20 16:11:55.505  INFO 17648 --- [main] o.s.s.concurrent.ThreadPoolTaskExecutor  : Initializing ExecutorService 'applicationTaskExecutor'
2020-02-20 16:11:57.063  INFO 17648 --- [main] o.s.cloud.commons.util.InetUtils         : Cannot determine local hostname
2020-02-20 16:11:57.104  INFO 17648 --- [main] o.s.b.a.e.web.EndpointLinksResolver      : Exposing 23 endpoint(s) beneath base path '/actuator'
2020-02-20 16:11:57.166  INFO 17648 --- [main] o.s.c.n.eureka.InstanceInfoFactory       : Setting initial instance status as: STARTING
2020-02-20 16:11:57.188  INFO 17648 --- [main] com.netflix.discovery.DiscoveryClient    : Initializing Eureka in region us-east-1
2020-02-20 16:11:57.452  INFO 17648 --- [main] c.n.d.provider.DiscoveryJerseyProvider   : Using JSON encoding codec LegacyJacksonJson
2020-02-20 16:11:57.452  INFO 17648 --- [main] c.n.d.provider.DiscoveryJerseyProvider   : Using JSON decoding codec LegacyJacksonJson
2020-02-20 16:11:57.534  INFO 17648 --- [main] c.n.d.provider.DiscoveryJerseyProvider   : Using XML encoding codec XStreamXml
2020-02-20 16:11:57.534  INFO 17648 --- [main] c.n.d.provider.DiscoveryJerseyProvider   : Using XML decoding codec XStreamXml
2020-02-20 16:11:57.671  INFO 17648 --- [main] c.n.d.s.r.aws.ConfigClusterResolver      : Resolving eureka endpoints via configuration
2020-02-20 16:11:57.822  INFO 17648 --- [main] com.netflix.discovery.DiscoveryClient    : Disable delta property : false
2020-02-20 16:11:57.822  INFO 17648 --- [main] com.netflix.discovery.DiscoveryClient    : Single vip registry refresh property : null
2020-02-20 16:11:57.822  INFO 17648 --- [main] com.netflix.discovery.DiscoveryClient    : Force full registry fetch : false
2020-02-20 16:11:57.822  INFO 17648 --- [main] com.netflix.discovery.DiscoveryClient    : Application is null : false
2020-02-20 16:11:57.822  INFO 17648 --- [main] com.netflix.discovery.DiscoveryClient    : Registered Applications size is zero : true
2020-02-20 16:11:57.822  INFO 17648 --- [main] com.netflix.discovery.DiscoveryClient    : Application version is -1: true
2020-02-20 16:11:57.822  INFO 17648 --- [main] com.netflix.discovery.DiscoveryClient    : Getting all instance registry info from the eureka server
2020-02-20 16:11:58.093  INFO 17648 --- [main] com.netflix.discovery.DiscoveryClient    : The response status is 200
2020-02-20 16:11:58.095  INFO 17648 --- [main] com.netflix.discovery.DiscoveryClient    : Starting heartbeat executor: renew interval is: 10
2020-02-20 16:11:58.097  INFO 17648 --- [main] c.n.discovery.InstanceInfoReplicator     : InstanceInfoReplicator onDemand update allowed rate per min is 4
2020-02-20 16:11:58.100  INFO 17648 --- [main] com.netflix.discovery.DiscoveryClient    : Discovery Client initialized at timestamp 1582186318099 with initial instances count: 7
2020-02-20 16:11:58.102  INFO 17648 --- [main] o.s.c.n.e.s.EurekaServiceRegistry        : Registering application EUREKA-PRI with eureka with status UP
2020-02-20 16:11:58.102  INFO 17648 --- [main] com.netflix.discovery.DiscoveryClient    : Saw local status change event StatusChangeEvent [timestamp=1582186318102, current=UP, previous=STARTING]
2020-02-20 16:11:58.104  INFO 17648 --- [DiscoveryClient-InstanceInfoReplicator-0] com.netflix.discovery.DiscoveryClient    : DiscoveryClient_EUREKA-PRI/localhost:eureka-pri:8082: registering service...
2020-02-20 16:11:58.132  INFO 17648 --- [main] o.s.b.w.embedded.tomcat.TomcatWebServer  : Tomcat started on port(s): 8082 (http) with context path ''
2020-02-20 16:11:58.133  INFO 17648 --- [main] .s.c.n.e.s.EurekaAutoServiceRegistration : Updating port to 8082
2020-02-20 16:11:58.134  INFO 17648 --- [main] com.eureka.pri.PriApplication            : Started PriApplication in 8.625 seconds (JVM running for 9.295)
2020-02-20 16:11:58.427  INFO 17648 --- [RMI TCP Connection(3)-192.168.199.162] o.a.c.c.C.[Tomcat].[localhost].[/]       : Initializing Spring DispatcherServlet 'dispatcherServlet'
2020-02-20 16:11:58.428  INFO 17648 --- [RMI TCP Connection(3)-192.168.199.162] o.s.web.servlet.DispatcherServlet        : Initializing Servlet 'dispatcherServlet'
2020-02-20 16:11:58.435  INFO 17648 --- [RMI TCP Connection(3)-192.168.199.162] o.s.web.servlet.DispatcherServlet        : Completed initialization in 7 ms
2020-02-20 16:11:58.452  INFO 17648 --- [RMI TCP Connection(1)-192.168.199.162] com.alibaba.druid.pool.DruidDataSource   : {dataSource-1} inited
2020-02-20 16:11:59.039  INFO 17648 --- [DiscoveryClient-InstanceInfoReplicator-0] com.netflix.discovery.DiscoveryClient    : DiscoveryClient_EUREKA-PRI/localhost:eureka-pri:8082 - registration status: 204
2020-02-20 16:12:06.699  INFO 20252 --- [main] com.eureka.pri.PriApplication            : No active profile set, falling back to default profiles: default
2020-02-20 16:12:07.134  WARN 20252 --- [main] o.s.boot.actuate.endpoint.EndpointId     : Endpoint ID 'service-registry' contains invalid characters, please migrate to a valid format.
2020-02-20 16:12:07.247  INFO 20252 --- [main] o.s.cloud.context.scope.GenericScope     : BeanFactory id=06dae185-10be-3535-9b87-0d1a03807843
2020-02-20 16:12:07.316  INFO 20252 --- [main] trationDelegate$BeanPostProcessorChecker : Bean 'org.springframework.transaction.annotation.ProxyTransactionManagementConfiguration' of type [org.springframework.transaction.annotation.ProxyTransactionManagementConfiguration$$EnhancerBySpringCGLIB$$adc63f2] is not eligible for getting processed by all BeanPostProcessors (for example: not eligible for auto-proxying)
2020-02-20 16:12:07.432  INFO 20252 --- [main] trationDelegate$BeanPostProcessorChecker : Bean 'spring.cloud.sentinel-org.springframework.cloud.alibaba.sentinel.SentinelProperties' of type [org.springframework.cloud.alibaba.sentinel.SentinelProperties] is not eligible for getting processed by all BeanPostProcessors (for example: not eligible for auto-proxying)
2020-02-20 16:12:07.506  INFO 20252 --- [main] trationDelegate$BeanPostProcessorChecker : Bean 'org.springframework.cloud.alibaba.sentinel.custom.SentinelAutoConfiguration' of type [org.springframework.cloud.alibaba.sentinel.custom.SentinelAutoConfiguration$$EnhancerBySpringCGLIB$$c8473015] is not eligible for getting processed by all BeanPostProcessors (for example: not eligible for auto-proxying)
2020-02-20 16:12:07.510  INFO 20252 --- [main] trationDelegate$BeanPostProcessorChecker : Bean 'org.springframework.cloud.autoconfigure.ConfigurationPropertiesRebinderAutoConfiguration' of type [org.springframework.cloud.autoconfigure.ConfigurationPropertiesRebinderAutoConfiguration$$EnhancerBySpringCGLIB$$26f666ef] is not eligible for getting processed by all BeanPostProcessors (for example: not eligible for auto-proxying)
2020-02-20 16:12:07.710  INFO 20252 --- [main] o.s.b.w.embedded.tomcat.TomcatWebServer  : Tomcat initialized with port(s): 8083 (http)
2020-02-20 16:12:07.723  INFO 20252 --- [main] o.apache.catalina.core.StandardService   : Starting service [Tomcat]
2020-02-20 16:12:07.724  INFO 20252 --- [main] org.apache.catalina.core.StandardEngine  : Starting Servlet engine: [Apache Tomcat/9.0.21]
2020-02-20 16:12:07.817  INFO 20252 --- [main] o.a.c.c.C.[Tomcat].[localhost].[/]       : Initializing Spring embedded WebApplicationContext
2020-02-20 16:12:07.817  INFO 20252 --- [main] o.s.web.context.ContextLoader            : Root WebApplicationContext: initialization completed in 1112 ms
2020-02-20 16:12:07.884  WARN 20252 --- [main] c.n.c.sources.URLConfigurationSource     : No URLs will be polled as dynamic configuration sources.
2020-02-20 16:12:07.884  INFO 20252 --- [main] c.n.c.sources.URLConfigurationSource     : To enable URLs as dynamic configuration sources, define System property archaius.configurationSource.additionalUrls or make config.properties available on classpath.
2020-02-20 16:12:07.890  INFO 20252 --- [main] c.netflix.config.DynamicPropertyFactory  : DynamicPropertyFactory is initialized with configuration sources: com.netflix.config.ConcurrentCompositeConfiguration@550de6b8
2020-02-20 16:12:07.905  INFO 20252 --- [main] o.s.c.a.s.SentinelWebAutoConfiguration   : [Sentinel Starter] register Sentinel with urlPatterns: [/*].
2020-02-20 16:12:08.457  INFO 20252 --- [main] o.s.b.a.e.web.ServletEndpointRegistrar   : Registered '/actuator/jolokia' to jolokia-actuator-endpoint
2020-02-20 16:12:08.544  WARN 20252 --- [main] c.n.c.sources.URLConfigurationSource     : No URLs will be polled as dynamic configuration sources.
2020-02-20 16:12:08.544  INFO 20252 --- [main] c.n.c.sources.URLConfigurationSource     : To enable URLs as dynamic configuration sources, define System property archaius.configurationSource.additionalUrls or make config.properties available on classpath.
2020-02-20 16:12:08.683  INFO 20252 --- [main] o.s.s.concurrent.ThreadPoolTaskExecutor  : Initializing ExecutorService 'applicationTaskExecutor'
2020-02-20 16:12:09.266  INFO 20252 --- [main] o.s.b.a.e.web.EndpointLinksResolver      : Exposing 23 endpoint(s) beneath base path '/actuator'
2020-02-20 16:12:09.329  INFO 20252 --- [main] o.s.c.n.eureka.InstanceInfoFactory       : Setting initial instance status as: STARTING
2020-02-20 16:12:09.351  INFO 20252 --- [main] com.netflix.discovery.DiscoveryClient    : Initializing Eureka in region us-east-1
2020-02-20 16:12:09.646  INFO 20252 --- [main] c.n.d.provider.DiscoveryJerseyProvider   : Using JSON encoding codec LegacyJacksonJson
2020-02-20 16:12:09.647  INFO 20252 --- [main] c.n.d.provider.DiscoveryJerseyProvider   : Using JSON decoding codec LegacyJacksonJson
2020-02-20 16:12:09.720  INFO 20252 --- [main] c.n.d.provider.DiscoveryJerseyProvider   : Using XML encoding codec XStreamXml
2020-02-20 16:12:09.721  INFO 20252 --- [main] c.n.d.provider.DiscoveryJerseyProvider   : Using XML decoding codec XStreamXml
2020-02-20 16:12:09.870  INFO 20252 --- [main] c.n.d.s.r.aws.ConfigClusterResolver      : Resolving eureka endpoints via configuration
2020-02-20 16:12:10.045  INFO 20252 --- [main] com.netflix.discovery.DiscoveryClient    : Disable delta property : false
2020-02-20 16:12:10.045  INFO 20252 --- [main] com.netflix.discovery.DiscoveryClient    : Single vip registry refresh property : null
2020-02-20 16:12:10.045  INFO 20252 --- [main] com.netflix.discovery.DiscoveryClient    : Force full registry fetch : false
2020-02-20 16:12:10.045  INFO 20252 --- [main] com.netflix.discovery.DiscoveryClient    : Application is null : false
2020-02-20 16:12:10.045  INFO 20252 --- [main] com.netflix.discovery.DiscoveryClient    : Registered Applications size is zero : true
2020-02-20 16:12:10.045  INFO 20252 --- [main] com.netflix.discovery.DiscoveryClient    : Application version is -1: true
2020-02-20 16:12:10.045  INFO 20252 --- [main] com.netflix.discovery.DiscoveryClient    : Getting all instance registry info from the eureka server
2020-02-20 16:12:10.157  INFO 20252 --- [main] com.netflix.discovery.DiscoveryClient    : The response status is 200
2020-02-20 16:12:10.159  INFO 20252 --- [main] com.netflix.discovery.DiscoveryClient    : Starting heartbeat executor: renew interval is: 10
2020-02-20 16:12:10.160  INFO 20252 --- [main] c.n.discovery.InstanceInfoReplicator     : InstanceInfoReplicator onDemand update allowed rate per min is 4
2020-02-20 16:12:10.163  INFO 20252 --- [main] com.netflix.discovery.DiscoveryClient    : Discovery Client initialized at timestamp 1582186330162 with initial instances count: 7
2020-02-20 16:12:10.165  INFO 20252 --- [main] o.s.c.n.e.s.EurekaServiceRegistry        : Registering application EUREKA-PRI with eureka with status UP
2020-02-20 16:12:10.165  INFO 20252 --- [main] com.netflix.discovery.DiscoveryClient    : Saw local status change event StatusChangeEvent [timestamp=1582186330165, current=UP, previous=STARTING]
2020-02-20 16:12:10.167  INFO 20252 --- [DiscoveryClient-InstanceInfoReplicator-0] com.netflix.discovery.DiscoveryClient    : DiscoveryClient_EUREKA-PRI/192.168.199.162:eureka-pri:8083: registering service...
2020-02-20 16:12:10.197  INFO 20252 --- [main] o.s.b.w.embedded.tomcat.TomcatWebServer  : Tomcat started on port(s): 8083 (http) with context path ''
2020-02-20 16:12:10.197  INFO 20252 --- [main] .s.c.n.e.s.EurekaAutoServiceRegistration : Updating port to 8083
2020-02-20 16:12:10.198  INFO 20252 --- [main] com.eureka.pri.PriApplication            : Started PriApplication in 5.585 seconds (JVM running for 6.237)
2020-02-20 16:12:10.450  INFO 20252 --- [RMI TCP Connection(1)-192.168.199.162] o.a.c.c.C.[Tomcat].[localhost].[/]       : Initializing Spring DispatcherServlet 'dispatcherServlet'
2020-02-20 16:12:10.451  INFO 20252 --- [RMI TCP Connection(1)-192.168.199.162] o.s.web.servlet.DispatcherServlet        : Initializing Servlet 'dispatcherServlet'
2020-02-20 16:12:10.458  INFO 20252 --- [RMI TCP Connection(1)-192.168.199.162] o.s.web.servlet.DispatcherServlet        : Completed initialization in 7 ms
2020-02-20 16:12:10.475  INFO 20252 --- [RMI TCP Connection(2)-192.168.199.162] com.alibaba.druid.pool.DruidDataSource   : {dataSource-1} inited
2020-02-20 16:12:11.103  INFO 20252 --- [DiscoveryClient-InstanceInfoReplicator-0] com.netflix.discovery.DiscoveryClient    : DiscoveryClient_EUREKA-PRI/192.168.199.162:eureka-pri:8083 - registration status: 204
2020-02-20 16:16:42.803  INFO 18980 --- [AsyncResolver-bootstrap-executor-0] c.n.d.s.r.aws.ConfigClusterResolver      : Resolving eureka endpoints via configuration
2020-02-20 16:16:57.825  INFO 17648 --- [AsyncResolver-bootstrap-executor-0] c.n.d.s.r.aws.ConfigClusterResolver      : Resolving eureka endpoints via configuration
2020-02-20 16:17:10.047  INFO 20252 --- [AsyncResolver-bootstrap-executor-0] c.n.d.s.r.aws.ConfigClusterResolver      : Resolving eureka endpoints via configuration
2020-02-20 16:21:42.804  INFO 18980 --- [AsyncResolver-bootstrap-executor-0] c.n.d.s.r.aws.ConfigClusterResolver      : Resolving eureka endpoints via configuration
2020-02-20 16:21:57.827  INFO 17648 --- [AsyncResolver-bootstrap-executor-0] c.n.d.s.r.aws.ConfigClusterResolver      : Resolving eureka endpoints via configuration
2020-02-20 16:22:10.049  INFO 20252 --- [AsyncResolver-bootstrap-executor-0] c.n.d.s.r.aws.ConfigClusterResolver      : Resolving eureka endpoints via configuration
2020-02-20 16:26:42.806  INFO 18980 --- [AsyncResolver-bootstrap-executor-0] c.n.d.s.r.aws.ConfigClusterResolver      : Resolving eureka endpoints via configuration
2020-02-20 16:26:57.829  INFO 17648 --- [AsyncResolver-bootstrap-executor-0] c.n.d.s.r.aws.ConfigClusterResolver      : Resolving eureka endpoints via configuration
2020-02-20 16:27:10.051  INFO 20252 --- [AsyncResolver-bootstrap-executor-0] c.n.d.s.r.aws.ConfigClusterResolver      : Resolving eureka endpoints via configuration
2020-02-20 16:31:42.808  INFO 18980 --- [AsyncResolver-bootstrap-executor-0] c.n.d.s.r.aws.ConfigClusterResolver      : Resolving eureka endpoints via configuration
2020-02-20 16:31:57.830  INFO 17648 --- [AsyncResolver-bootstrap-executor-0] c.n.d.s.r.aws.ConfigClusterResolver      : Resolving eureka endpoints via configuration
2020-02-20 16:32:10.053  INFO 20252 --- [AsyncResolver-bootstrap-executor-0] c.n.d.s.r.aws.ConfigClusterResolver      : Resolving eureka endpoints via configuration
2020-02-20 16:36:42.809  INFO 18980 --- [AsyncResolver-bootstrap-executor-0] c.n.d.s.r.aws.ConfigClusterResolver      : Resolving eureka endpoints via configuration
2020-02-20 16:36:57.832  INFO 17648 --- [AsyncResolver-bootstrap-executor-0] c.n.d.s.r.aws.ConfigClusterResolver      : Resolving eureka endpoints via configuration
2020-02-20 16:37:10.054  INFO 20252 --- [AsyncResolver-bootstrap-executor-0] c.n.d.s.r.aws.ConfigClusterResolver      : Resolving eureka endpoints via configuration
2020-02-20 16:41:42.810  INFO 18980 --- [AsyncResolver-bootstrap-executor-0] c.n.d.s.r.aws.ConfigClusterResolver      : Resolving eureka endpoints via configuration
2020-02-20 16:41:57.833  INFO 17648 --- [AsyncResolver-bootstrap-executor-0] c.n.d.s.r.aws.ConfigClusterResolver      : Resolving eureka endpoints via configuration
2020-02-20 16:42:10.056  INFO 20252 --- [AsyncResolver-bootstrap-executor-0] c.n.d.s.r.aws.ConfigClusterResolver      : Resolving eureka endpoints via configuration
2020-02-20 16:46:42.811  INFO 18980 --- [AsyncResolver-bootstrap-executor-0] c.n.d.s.r.aws.ConfigClusterResolver      : Resolving eureka endpoints via configuration
2020-02-20 16:46:57.834  INFO 17648 --- [AsyncResolver-bootstrap-executor-0] c.n.d.s.r.aws.ConfigClusterResolver      : Resolving eureka endpoints via configuration
2020-02-20 16:47:10.058  INFO 20252 --- [AsyncResolver-bootstrap-executor-0] c.n.d.s.r.aws.ConfigClusterResolver      : Resolving eureka endpoints via configuration
2020-02-20 16:51:42.812  INFO 18980 --- [AsyncResolver-bootstrap-executor-0] c.n.d.s.r.aws.ConfigClusterResolver      : Resolving eureka endpoints via configuration
2020-02-20 16:51:57.836  INFO 17648 --- [AsyncResolver-bootstrap-executor-0] c.n.d.s.r.aws.ConfigClusterResolver      : Resolving eureka endpoints via configuration
2020-02-20 16:52:10.059  INFO 20252 --- [AsyncResolver-bootstrap-executor-0] c.n.d.s.r.aws.ConfigClusterResolver      : Resolving eureka endpoints via configuration
2020-02-20 16:56:42.813  INFO 18980 --- [AsyncResolver-bootstrap-executor-0] c.n.d.s.r.aws.ConfigClusterResolver      : Resolving eureka endpoints via configuration
2020-02-20 16:56:57.837  INFO 17648 --- [AsyncResolver-bootstrap-executor-0] c.n.d.s.r.aws.ConfigClusterResolver      : Resolving eureka endpoints via configuration
2020-02-20 16:57:10.060  INFO 20252 --- [AsyncResolver-bootstrap-executor-0] c.n.d.s.r.aws.ConfigClusterResolver      : Resolving eureka endpoints via configuration
2020-02-20 20:03:07.184  INFO 17648 --- [DiscoveryClient-HeartbeatExecutor-0] o.a.http.impl.client.DefaultHttpClient   : I/O exception (java.net.SocketException) caught when processing request to {}->http://localhost:8761: Software caused connection abort: socket write error
2020-02-20 20:03:07.185  INFO 17648 --- [DiscoveryClient-HeartbeatExecutor-0] o.a.http.impl.client.DefaultHttpClient   : Retrying request to {}->http://localhost:8761
2020-02-20 20:03:07.187  INFO 20252 --- [DiscoveryClient-HeartbeatExecutor-0] o.a.http.impl.client.DefaultHttpClient   : I/O exception (java.net.SocketException) caught when processing request to {}->http://localhost:8761: Software caused connection abort: socket write error
2020-02-20 20:03:07.188  INFO 20252 --- [DiscoveryClient-HeartbeatExecutor-0] o.a.http.impl.client.DefaultHttpClient   : Retrying request to {}->http://localhost:8761
2020-02-20 20:03:08.262  INFO 18980 --- [AsyncResolver-bootstrap-executor-0] c.n.d.s.r.aws.ConfigClusterResolver      : Resolving eureka endpoints via configuration
2020-02-20 20:03:08.718  INFO 18980 --- [DiscoveryClient-HeartbeatExecutor-0] o.a.http.impl.client.DefaultHttpClient   : I/O exception (java.net.SocketException) caught when processing request to {}->http://localhost:8761: Software caused connection abort: socket write error
2020-02-20 20:03:08.718  INFO 18980 --- [DiscoveryClient-HeartbeatExecutor-0] o.a.http.impl.client.DefaultHttpClient   : Retrying request to {}->http://localhost:8761
2020-02-21 09:37:46.090  INFO 17648 --- [DiscoveryClient-HeartbeatExecutor-0] o.a.http.impl.client.DefaultHttpClient   : I/O exception (java.net.SocketException) caught when processing request to {}->http://localhost:8761: Software caused connection abort: socket write error
2020-02-21 09:37:46.791  INFO 17648 --- [DiscoveryClient-HeartbeatExecutor-0] o.a.http.impl.client.DefaultHttpClient   : Retrying request to {}->http://localhost:8761
2020-02-21 09:37:46.091  INFO 20252 --- [DiscoveryClient-HeartbeatExecutor-0] o.a.http.impl.client.DefaultHttpClient   : I/O exception (java.net.SocketException) caught when processing request to {}->http://localhost:8761: Software caused connection abort: socket write error
2020-02-21 09:37:46.831  INFO 20252 --- [DiscoveryClient-HeartbeatExecutor-0] o.a.http.impl.client.DefaultHttpClient   : Retrying request to {}->http://localhost:8761
2020-02-21 09:37:46.786  INFO 17648 --- [DiscoveryClient-CacheRefreshExecutor-0] o.a.http.impl.client.DefaultHttpClient   : I/O exception (java.net.SocketException) caught when processing request to {}->http://localhost:8761: Software caused connection abort: socket write error
2020-02-21 09:37:46.868  INFO 17648 --- [DiscoveryClient-CacheRefreshExecutor-0] o.a.http.impl.client.DefaultHttpClient   : Retrying request to {}->http://localhost:8761
2020-02-21 09:37:46.091  INFO 20252 --- [DiscoveryClient-CacheRefreshExecutor-0] o.a.http.impl.client.DefaultHttpClient   : I/O exception (java.net.SocketException) caught when processing request to {}->http://localhost:8761: Software caused connection abort: socket write error
2020-02-21 09:37:46.929  INFO 20252 --- [DiscoveryClient-CacheRefreshExecutor-0] o.a.http.impl.client.DefaultHttpClient   : Retrying request to {}->http://localhost:8761
2020-02-21 09:37:48.092  INFO 18980 --- [DiscoveryClient-HeartbeatExecutor-0] o.a.http.impl.client.DefaultHttpClient   : I/O exception (java.net.SocketException) caught when processing request to {}->http://localhost:8761: Software caused connection abort: socket write error
2020-02-21 09:37:48.093  INFO 18980 --- [DiscoveryClient-CacheRefreshExecutor-0] o.a.http.impl.client.DefaultHttpClient   : I/O exception (java.net.SocketException) caught when processing request to {}->http://localhost:8761: Software caused connection abort: socket write error
2020-02-21 09:37:48.104  INFO 18980 --- [DiscoveryClient-CacheRefreshExecutor-0] o.a.http.impl.client.DefaultHttpClient   : Retrying request to {}->http://localhost:8761
2020-02-21 09:37:48.104  INFO 18980 --- [DiscoveryClient-HeartbeatExecutor-0] o.a.http.impl.client.DefaultHttpClient   : Retrying request to {}->http://localhost:8761
2020-02-21 09:37:51.843  INFO 17648 --- [AsyncResolver-bootstrap-executor-0] c.n.d.s.r.aws.ConfigClusterResolver      : Resolving eureka endpoints via configuration
2020-02-21 09:38:04.096  INFO 20252 --- [AsyncResolver-bootstrap-executor-0] c.n.d.s.r.aws.ConfigClusterResolver      : Resolving eureka endpoints via configuration
